CRITICAL - 2021-12-30 08:05:36 --> Undefined variable: validation
#0 C:\laragon\www\Cerenity-Studio-Web\app\Views\submit-proposal.php(97): CodeIgniter\Debug\Exceptions->errorHandler(8, 'Undefined varia...', 'C:\\laragon\\www\\...', 97, Array)
#1 C:\laragon\www\Cerenity-Studio-Web\system\View\View.php(214): include('C:\\laragon\\www\\...')
#2 C:\laragon\www\Cerenity-Studio-Web\system\View\View.php(217): CodeIgniter\View\View->CodeIgniter\View\{closure}()
#3 C:\laragon\www\Cerenity-Studio-Web\system\Common.php(1097): CodeIgniter\View\View->render('submit-proposal', Array, true)
#4 C:\laragon\www\Cerenity-Studio-Web\app\Controllers\SubmitProposal.php(16): view('submit-proposal')
#5 C:\laragon\www\Cerenity-Studio-Web\system\CodeIgniter.php(824): App\Controllers\SubmitProposal->index()
#6 C:\laragon\www\Cerenity-Studio-Web\system\CodeIgniter.php(410): CodeIgniter\CodeIgniter->runController(Object(App\Controllers\SubmitProposal))
#7 C:\laragon\www\Cerenity-Studio-Web\system\CodeIgniter.php(318): CodeIgniter\CodeIgniter->handleRequest(NULL, Object(Config\Cache), false)
#8 C:\laragon\www\Cerenity-Studio-Web\public\index.php(37): CodeIgniter\CodeIgniter->run()
#9 C:\laragon\www\Cerenity-Studio-Web\system\Commands\Server\rewrite.php(43): require_once('C:\\laragon\\www\\...')
#10 {main}
CRITICAL - 2021-12-30 08:31:12 --> Call to a member function getClientName() on null
#0 C:\laragon\www\Cerenity-Studio-Web\system\CodeIgniter.php(824): App\Controllers\SubmitProposal->insertData()
#1 C:\laragon\www\Cerenity-Studio-Web\system\CodeIgniter.php(410): CodeIgniter\CodeIgniter->runController(Object(App\Controllers\SubmitProposal))
#2 C:\laragon\www\Cerenity-Studio-Web\system\CodeIgniter.php(318): CodeIgniter\CodeIgniter->handleRequest(NULL, Object(Config\Cache), false)
#3 C:\laragon\www\Cerenity-Studio-Web\public\index.php(37): CodeIgniter\CodeIgniter->run()
#4 C:\laragon\www\Cerenity-Studio-Web\system\Commands\Server\rewrite.php(43): require_once('C:\\laragon\\www\\...')
#5 {main}
CRITICAL - 2021-12-30 08:32:19 --> Call to a member function getRandomName() on null
#0 C:\laragon\www\Cerenity-Studio-Web\system\CodeIgniter.php(824): App\Controllers\SubmitProposal->insertData()
#1 C:\laragon\www\Cerenity-Studio-Web\system\CodeIgniter.php(410): CodeIgniter\CodeIgniter->runController(Object(App\Controllers\SubmitProposal))
#2 C:\laragon\www\Cerenity-Studio-Web\system\CodeIgniter.php(318): CodeIgniter\CodeIgniter->handleRequest(NULL, Object(Config\Cache), false)
#3 C:\laragon\www\Cerenity-Studio-Web\public\index.php(37): CodeIgniter\CodeIgniter->run()
#4 C:\laragon\www\Cerenity-Studio-Web\system\Commands\Server\rewrite.php(43): require_once('C:\\laragon\\www\\...')
#5 {main}
CRITICAL - 2021-12-30 08:32:49 --> Call to a member function getRandomName() on null
#0 C:\laragon\www\Cerenity-Studio-Web\system\CodeIgniter.php(824): App\Controllers\SubmitProposal->insertData()
#1 C:\laragon\www\Cerenity-Studio-Web\system\CodeIgniter.php(410): CodeIgniter\CodeIgniter->runController(Object(App\Controllers\SubmitProposal))
#2 C:\laragon\www\Cerenity-Studio-Web\system\CodeIgniter.php(318): CodeIgniter\CodeIgniter->handleRequest(NULL, Object(Config\Cache), false)
#3 C:\laragon\www\Cerenity-Studio-Web\public\index.php(37): CodeIgniter\CodeIgniter->run()
#4 C:\laragon\www\Cerenity-Studio-Web\system\Commands\Server\rewrite.php(43): require_once('C:\\laragon\\www\\...')
#5 {main}
CRITICAL - 2021-12-30 08:33:56 --> Call to a member function getRandomName() on null
#0 C:\laragon\www\Cerenity-Studio-Web\system\CodeIgniter.php(824): App\Controllers\SubmitProposal->insertData()
#1 C:\laragon\www\Cerenity-Studio-Web\system\CodeIgniter.php(410): CodeIgniter\CodeIgniter->runController(Object(App\Controllers\SubmitProposal))
#2 C:\laragon\www\Cerenity-Studio-Web\system\CodeIgniter.php(318): CodeIgniter\CodeIgniter->handleRequest(NULL, Object(Config\Cache), false)
#3 C:\laragon\www\Cerenity-Studio-Web\public\index.php(37): CodeIgniter\CodeIgniter->run()
#4 C:\laragon\www\Cerenity-Studio-Web\system\Commands\Server\rewrite.php(43): require_once('C:\\laragon\\www\\...')
#5 {main}
CRITICAL - 2021-12-30 08:34:12 --> Call to a member function getRandomName() on null
#0 C:\laragon\www\Cerenity-Studio-Web\system\CodeIgniter.php(824): App\Controllers\SubmitProposal->insertData()
#1 C:\laragon\www\Cerenity-Studio-Web\system\CodeIgniter.php(410): CodeIgniter\CodeIgniter->runController(Object(App\Controllers\SubmitProposal))
#2 C:\laragon\www\Cerenity-Studio-Web\system\CodeIgniter.php(318): CodeIgniter\CodeIgniter->handleRequest(NULL, Object(Config\Cache), false)
#3 C:\laragon\www\Cerenity-Studio-Web\public\index.php(37): CodeIgniter\CodeIgniter->run()
#4 C:\laragon\www\Cerenity-Studio-Web\system\Commands\Server\rewrite.php(43): require_once('C:\\laragon\\www\\...')
#5 {main}
CRITICAL - 2021-12-30 08:36:20 --> Call to a member function getRandomName() on null
#0 C:\laragon\www\Cerenity-Studio-Web\system\CodeIgniter.php(824): App\Controllers\SubmitProposal->insertData()
#1 C:\laragon\www\Cerenity-Studio-Web\system\CodeIgniter.php(410): CodeIgniter\CodeIgniter->runController(Object(App\Controllers\SubmitProposal))
#2 C:\laragon\www\Cerenity-Studio-Web\system\CodeIgniter.php(318): CodeIgniter\CodeIgniter->handleRequest(NULL, Object(Config\Cache), false)
#3 C:\laragon\www\Cerenity-Studio-Web\public\index.php(37): CodeIgniter\CodeIgniter->run()
#4 C:\laragon\www\Cerenity-Studio-Web\system\Commands\Server\rewrite.php(43): require_once('C:\\laragon\\www\\...')
#5 {main}
CRITICAL - 2021-12-30 08:36:22 --> Call to a member function getRandomName() on null
#0 C:\laragon\www\Cerenity-Studio-Web\system\CodeIgniter.php(824): App\Controllers\SubmitProposal->insertData()
#1 C:\laragon\www\Cerenity-Studio-Web\system\CodeIgniter.php(410): CodeIgniter\CodeIgniter->runController(Object(App\Controllers\SubmitProposal))
#2 C:\laragon\www\Cerenity-Studio-Web\system\CodeIgniter.php(318): CodeIgniter\CodeIgniter->handleRequest(NULL, Object(Config\Cache), false)
#3 C:\laragon\www\Cerenity-Studio-Web\public\index.php(37): CodeIgniter\CodeIgniter->run()
#4 C:\laragon\www\Cerenity-Studio-Web\system\Commands\Server\rewrite.php(43): require_once('C:\\laragon\\www\\...')
#5 {main}
CRITICAL - 2021-12-30 08:36:23 --> Call to a member function getRandomName() on null
#0 C:\laragon\www\Cerenity-Studio-Web\system\CodeIgniter.php(824): App\Controllers\SubmitProposal->insertData()
#1 C:\laragon\www\Cerenity-Studio-Web\system\CodeIgniter.php(410): CodeIgniter\CodeIgniter->runController(Object(App\Controllers\SubmitProposal))
#2 C:\laragon\www\Cerenity-Studio-Web\system\CodeIgniter.php(318): CodeIgniter\CodeIgniter->handleRequest(NULL, Object(Config\Cache), false)
#3 C:\laragon\www\Cerenity-Studio-Web\public\index.php(37): CodeIgniter\CodeIgniter->run()
#4 C:\laragon\www\Cerenity-Studio-Web\system\Commands\Server\rewrite.php(43): require_once('C:\\laragon\\www\\...')
#5 {main}
CRITICAL - 2021-12-30 08:36:24 --> Call to a member function getRandomName() on null
#0 C:\laragon\www\Cerenity-Studio-Web\system\CodeIgniter.php(824): App\Controllers\SubmitProposal->insertData()
#1 C:\laragon\www\Cerenity-Studio-Web\system\CodeIgniter.php(410): CodeIgniter\CodeIgniter->runController(Object(App\Controllers\SubmitProposal))
#2 C:\laragon\www\Cerenity-Studio-Web\system\CodeIgniter.php(318): CodeIgniter\CodeIgniter->handleRequest(NULL, Object(Config\Cache), false)
#3 C:\laragon\www\Cerenity-Studio-Web\public\index.php(37): CodeIgniter\CodeIgniter->run()
#4 C:\laragon\www\Cerenity-Studio-Web\system\Commands\Server\rewrite.php(43): require_once('C:\\laragon\\www\\...')
#5 {main}
CRITICAL - 2021-12-30 08:36:25 --> Call to a member function getRandomName() on null
#0 C:\laragon\www\Cerenity-Studio-Web\system\CodeIgniter.php(824): App\Controllers\SubmitProposal->insertData()
#1 C:\laragon\www\Cerenity-Studio-Web\system\CodeIgniter.php(410): CodeIgniter\CodeIgniter->runController(Object(App\Controllers\SubmitProposal))
#2 C:\laragon\www\Cerenity-Studio-Web\system\CodeIgniter.php(318): CodeIgniter\CodeIgniter->handleRequest(NULL, Object(Config\Cache), false)
#3 C:\laragon\www\Cerenity-Studio-Web\public\index.php(37): CodeIgniter\CodeIgniter->run()
#4 C:\laragon\www\Cerenity-Studio-Web\system\Commands\Server\rewrite.php(43): require_once('C:\\laragon\\www\\...')
#5 {main}
CRITICAL - 2021-12-30 08:38:22 --> Call to a member function getName() on null
#0 C:\laragon\www\Cerenity-Studio-Web\system\CodeIgniter.php(824): App\Controllers\SubmitProposal->insertData()
#1 C:\laragon\www\Cerenity-Studio-Web\system\CodeIgniter.php(410): CodeIgniter\CodeIgniter->runController(Object(App\Controllers\SubmitProposal))
#2 C:\laragon\www\Cerenity-Studio-Web\system\CodeIgniter.php(318): CodeIgniter\CodeIgniter->handleRequest(NULL, Object(Config\Cache), false)
#3 C:\laragon\www\Cerenity-Studio-Web\public\index.php(37): CodeIgniter\CodeIgniter->run()
#4 C:\laragon\www\Cerenity-Studio-Web\system\Commands\Server\rewrite.php(43): require_once('C:\\laragon\\www\\...')
#5 {main}
CRITICAL - 2021-12-30 08:41:02 --> file(): Filename cannot be empty
#0 [internal function]: CodeIgniter\Debug\Exceptions->errorHandler(2, 'file(): Filenam...', 'C:\\laragon\\www\\...', 266, Array)
#1 C:\laragon\www\Cerenity-Studio-Web\system\Validation\Validation.php(266): file('')
#2 C:\laragon\www\Cerenity-Studio-Web\system\Validation\Validation.php(151): CodeIgniter\Validation\Validation->processRules('file_name', 'File', NULL, Array, Array)
#3 C:\laragon\www\Cerenity-Studio-Web\system\Controller.php(160): CodeIgniter\Validation\Validation->run()
#4 C:\laragon\www\Cerenity-Studio-Web\app\Controllers\SubmitProposal.php(38): CodeIgniter\Controller->validate(Array)
#5 C:\laragon\www\Cerenity-Studio-Web\system\CodeIgniter.php(824): App\Controllers\SubmitProposal->insertData()
#6 C:\laragon\www\Cerenity-Studio-Web\system\CodeIgniter.php(410): CodeIgniter\CodeIgniter->runController(Object(App\Controllers\SubmitProposal))
#7 C:\laragon\www\Cerenity-Studio-Web\system\CodeIgniter.php(318): CodeIgniter\CodeIgniter->handleRequest(NULL, Object(Config\Cache), false)
#8 C:\laragon\www\Cerenity-Studio-Web\public\index.php(37): CodeIgniter\CodeIgniter->run()
#9 C:\laragon\www\Cerenity-Studio-Web\system\Commands\Server\rewrite.php(43): require_once('C:\\laragon\\www\\...')
#10 {main}
ERROR - 2021-12-30 08:47:28 --> Column 'description' cannot be null
CRITICAL - 2021-12-30 08:47:28 --> Column 'description' cannot be null
#0 C:\laragon\www\Cerenity-Studio-Web\system\Database\MySQLi\Connection.php(292): mysqli->query('INSERT INTO `pr...', 0)
#1 C:\laragon\www\Cerenity-Studio-Web\system\Database\BaseConnection.php(670): CodeIgniter\Database\MySQLi\Connection->execute('INSERT INTO `pr...')
#2 C:\laragon\www\Cerenity-Studio-Web\system\Database\BaseConnection.php(598): CodeIgniter\Database\BaseConnection->simpleQuery('INSERT INTO `pr...')
#3 C:\laragon\www\Cerenity-Studio-Web\system\Database\BaseBuilder.php(1759): CodeIgniter\Database\BaseConnection->query('INSERT INTO `pr...', Array, false)
#4 C:\laragon\www\Cerenity-Studio-Web\app\Models\jobModel.php(11): CodeIgniter\Database\BaseBuilder->insert(Array)
#5 C:\laragon\www\Cerenity-Studio-Web\app\Controllers\SubmitProposal.php(47): App\Models\jobModel->addData(Array)
#6 C:\laragon\www\Cerenity-Studio-Web\system\CodeIgniter.php(824): App\Controllers\SubmitProposal->insertData()
#7 C:\laragon\www\Cerenity-Studio-Web\system\CodeIgniter.php(410): CodeIgniter\CodeIgniter->runController(Object(App\Controllers\SubmitProposal))
#8 C:\laragon\www\Cerenity-Studio-Web\system\CodeIgniter.php(318): CodeIgniter\CodeIgniter->handleRequest(NULL, Object(Config\Cache), false)
#9 C:\laragon\www\Cerenity-Studio-Web\public\index.php(37): CodeIgniter\CodeIgniter->run()
#10 C:\laragon\www\Cerenity-Studio-Web\system\Commands\Server\rewrite.php(43): require_once('C:\\laragon\\www\\...')
#11 {main}
ERROR - 2021-12-30 08:48:37 --> Column 'description' cannot be null
CRITICAL - 2021-12-30 08:48:37 --> Column 'description' cannot be null
#0 C:\laragon\www\Cerenity-Studio-Web\system\Database\MySQLi\Connection.php(292): mysqli->query('INSERT INTO `pr...', 0)
#1 C:\laragon\www\Cerenity-Studio-Web\system\Database\BaseConnection.php(670): CodeIgniter\Database\MySQLi\Connection->execute('INSERT INTO `pr...')
#2 C:\laragon\www\Cerenity-Studio-Web\system\Database\BaseConnection.php(598): CodeIgniter\Database\BaseConnection->simpleQuery('INSERT INTO `pr...')
#3 C:\laragon\www\Cerenity-Studio-Web\system\Database\BaseBuilder.php(1759): CodeIgniter\Database\BaseConnection->query('INSERT INTO `pr...', Array, false)
#4 C:\laragon\www\Cerenity-Studio-Web\app\Models\jobModel.php(11): CodeIgniter\Database\BaseBuilder->insert(Array)
#5 C:\laragon\www\Cerenity-Studio-Web\app\Controllers\SubmitProposal.php(46): App\Models\jobModel->addData(Array)
#6 C:\laragon\www\Cerenity-Studio-Web\system\CodeIgniter.php(824): App\Controllers\SubmitProposal->insertData()
#7 C:\laragon\www\Cerenity-Studio-Web\system\CodeIgniter.php(410): CodeIgniter\CodeIgniter->runController(Object(App\Controllers\SubmitProposal))
#8 C:\laragon\www\Cerenity-Studio-Web\system\CodeIgniter.php(318): CodeIgniter\CodeIgniter->handleRequest(NULL, Object(Config\Cache), false)
#9 C:\laragon\www\Cerenity-Studio-Web\public\index.php(37): CodeIgniter\CodeIgniter->run()
#10 C:\laragon\www\Cerenity-Studio-Web\system\Commands\Server\rewrite.php(43): require_once('C:\\laragon\\www\\...')
#11 {main}
ERROR - 2021-12-30 08:49:18 --> Column 'description' cannot be null
CRITICAL - 2021-12-30 08:49:18 --> Column 'description' cannot be null
#0 C:\laragon\www\Cerenity-Studio-Web\system\Database\MySQLi\Connection.php(292): mysqli->query('INSERT INTO `pr...', 0)
#1 C:\laragon\www\Cerenity-Studio-Web\system\Database\BaseConnection.php(670): CodeIgniter\Database\MySQLi\Connection->execute('INSERT INTO `pr...')
#2 C:\laragon\www\Cerenity-Studio-Web\system\Database\BaseConnection.php(598): CodeIgniter\Database\BaseConnection->simpleQuery('INSERT INTO `pr...')
#3 C:\laragon\www\Cerenity-Studio-Web\system\Database\BaseBuilder.php(1759): CodeIgniter\Database\BaseConnection->query('INSERT INTO `pr...', Array, false)
#4 C:\laragon\www\Cerenity-Studio-Web\app\Models\jobModel.php(11): CodeIgniter\Database\BaseBuilder->insert(Array)
#5 C:\laragon\www\Cerenity-Studio-Web\app\Controllers\SubmitProposal.php(46): App\Models\jobModel->addData(Array)
#6 C:\laragon\www\Cerenity-Studio-Web\system\CodeIgniter.php(824): App\Controllers\SubmitProposal->insertData()
#7 C:\laragon\www\Cerenity-Studio-Web\system\CodeIgniter.php(410): CodeIgniter\CodeIgniter->runController(Object(App\Controllers\SubmitProposal))
#8 C:\laragon\www\Cerenity-Studio-Web\system\CodeIgniter.php(318): CodeIgniter\CodeIgniter->handleRequest(NULL, Object(Config\Cache), false)
#9 C:\laragon\www\Cerenity-Studio-Web\public\index.php(37): CodeIgniter\CodeIgniter->run()
#10 C:\laragon\www\Cerenity-Studio-Web\system\Commands\Server\rewrite.php(43): require_once('C:\\laragon\\www\\...')
#11 {main}
ERROR - 2021-12-30 08:49:24 --> Column 'description' cannot be null
CRITICAL - 2021-12-30 08:49:24 --> Column 'description' cannot be null
#0 C:\laragon\www\Cerenity-Studio-Web\system\Database\MySQLi\Connection.php(292): mysqli->query('INSERT INTO `pr...', 0)
#1 C:\laragon\www\Cerenity-Studio-Web\system\Database\BaseConnection.php(670): CodeIgniter\Database\MySQLi\Connection->execute('INSERT INTO `pr...')
#2 C:\laragon\www\Cerenity-Studio-Web\system\Database\BaseConnection.php(598): CodeIgniter\Database\BaseConnection->simpleQuery('INSERT INTO `pr...')
#3 C:\laragon\www\Cerenity-Studio-Web\system\Database\BaseBuilder.php(1759): CodeIgniter\Database\BaseConnection->query('INSERT INTO `pr...', Array, false)
#4 C:\laragon\www\Cerenity-Studio-Web\app\Models\jobModel.php(11): CodeIgniter\Database\BaseBuilder->insert(Array)
#5 C:\laragon\www\Cerenity-Studio-Web\app\Controllers\SubmitProposal.php(46): App\Models\jobModel->addData(Array)
#6 C:\laragon\www\Cerenity-Studio-Web\system\CodeIgniter.php(824): App\Controllers\SubmitProposal->insertData()
#7 C:\laragon\www\Cerenity-Studio-Web\system\CodeIgniter.php(410): CodeIgniter\CodeIgniter->runController(Object(App\Controllers\SubmitProposal))
#8 C:\laragon\www\Cerenity-Studio-Web\system\CodeIgniter.php(318): CodeIgniter\CodeIgniter->handleRequest(NULL, Object(Config\Cache), false)
#9 C:\laragon\www\Cerenity-Studio-Web\public\index.php(37): CodeIgniter\CodeIgniter->run()
#10 C:\laragon\www\Cerenity-Studio-Web\system\Commands\Server\rewrite.php(43): require_once('C:\\laragon\\www\\...')
#11 {main}
CRITICAL - 2021-12-30 08:59:13 --> finfo_file(C:\Users\aaldy\AppData\Local\Temp\php9A64.tmp): failed to open stream: No such file or directory
#0 [internal function]: CodeIgniter\Debug\Exceptions->errorHandler(2, 'finfo_file(C:\\U...', 'C:\\laragon\\www\\...', 109, Array)
#1 C:\laragon\www\Cerenity-Studio-Web\system\Files\File.php(109): finfo_file(Resource id #133, 'C:\\Users\\aaldy\\...')
#2 C:\laragon\www\Cerenity-Studio-Web\app\Controllers\SubmitProposal.php(52): CodeIgniter\Files\File->getMimeType()
#3 C:\laragon\www\Cerenity-Studio-Web\system\CodeIgniter.php(824): App\Controllers\SubmitProposal->insertData()
#4 C:\laragon\www\Cerenity-Studio-Web\system\CodeIgniter.php(410): CodeIgniter\CodeIgniter->runController(Object(App\Controllers\SubmitProposal))
#5 C:\laragon\www\Cerenity-Studio-Web\system\CodeIgniter.php(318): CodeIgniter\CodeIgniter->handleRequest(NULL, Object(Config\Cache), false)
#6 C:\laragon\www\Cerenity-Studio-Web\public\index.php(37): CodeIgniter\CodeIgniter->run()
#7 C:\laragon\www\Cerenity-Studio-Web\system\Commands\Server\rewrite.php(43): require_once('C:\\laragon\\www\\...')
#8 {main}
CRITICAL - 2021-12-30 09:02:07 -->  mime_in is not a valid rule.
#0 C:\laragon\www\Cerenity-Studio-Web\system\Validation\Validation.php(285): CodeIgniter\Validation\Exceptions\ValidationException::forRuleNotFound(' mime_in')
#1 C:\laragon\www\Cerenity-Studio-Web\system\Validation\Validation.php(151): CodeIgniter\Validation\Validation->processRules('file_name', 'File', NULL, Array, Array)
#2 C:\laragon\www\Cerenity-Studio-Web\system\Controller.php(160): CodeIgniter\Validation\Validation->run()
#3 C:\laragon\www\Cerenity-Studio-Web\app\Controllers\SubmitProposal.php(39): CodeIgniter\Controller->validate(Array)
#4 C:\laragon\www\Cerenity-Studio-Web\system\CodeIgniter.php(824): App\Controllers\SubmitProposal->insertData()
#5 C:\laragon\www\Cerenity-Studio-Web\system\CodeIgniter.php(410): CodeIgniter\CodeIgniter->runController(Object(App\Controllers\SubmitProposal))
#6 C:\laragon\www\Cerenity-Studio-Web\system\CodeIgniter.php(318): CodeIgniter\CodeIgniter->handleRequest(NULL, Object(Config\Cache), false)
#7 C:\laragon\www\Cerenity-Studio-Web\public\index.php(37): CodeIgniter\CodeIgniter->run()
#8 C:\laragon\www\Cerenity-Studio-Web\system\Commands\Server\rewrite.php(43): require_once('C:\\laragon\\www\\...')
#9 {main}
CRITICAL - 2021-12-30 09:11:45 --> strpos(): Offset not contained in string
#0 [internal function]: CodeIgniter\Debug\Exceptions->errorHandler(2, 'strpos(): Offse...', 'C:\\laragon\\www\\...', 702, Array)
#1 C:\laragon\www\Cerenity-Studio-Web\system\Validation\Validation.php(702): strpos('max_size[file_n...', '|', 192)
#2 C:\laragon\www\Cerenity-Studio-Web\system\Validation\Validation.php(138): CodeIgniter\Validation\Validation->splitRules(Array)
#3 C:\laragon\www\Cerenity-Studio-Web\system\Controller.php(160): CodeIgniter\Validation\Validation->run()
#4 C:\laragon\www\Cerenity-Studio-Web\app\Controllers\SubmitProposal.php(39): CodeIgniter\Controller->validate(Array)
#5 C:\laragon\www\Cerenity-Studio-Web\system\CodeIgniter.php(824): App\Controllers\SubmitProposal->insertData()
#6 C:\laragon\www\Cerenity-Studio-Web\system\CodeIgniter.php(410): CodeIgniter\CodeIgniter->runController(Object(App\Controllers\SubmitProposal))
#7 C:\laragon\www\Cerenity-Studio-Web\system\CodeIgniter.php(318): CodeIgniter\CodeIgniter->handleRequest(NULL, Object(Config\Cache), false)
#8 C:\laragon\www\Cerenity-Studio-Web\public\index.php(37): CodeIgniter\CodeIgniter->run()
#9 C:\laragon\www\Cerenity-Studio-Web\system\Commands\Server\rewrite.php(43): require_once('C:\\laragon\\www\\...')
#10 {main}
CRITICAL - 2021-12-30 09:17:52 --> Undefined variable: proposal
#0 C:\laragon\www\Cerenity-Studio-Web\app\Views\proposal-list.php(76): CodeIgniter\Debug\Exceptions->errorHandler(8, 'Undefined varia...', 'C:\\laragon\\www\\...', 76, Array)
#1 C:\laragon\www\Cerenity-Studio-Web\system\View\View.php(214): include('C:\\laragon\\www\\...')
#2 C:\laragon\www\Cerenity-Studio-Web\system\View\View.php(217): CodeIgniter\View\View->CodeIgniter\View\{closure}()
#3 C:\laragon\www\Cerenity-Studio-Web\system\Common.php(1097): CodeIgniter\View\View->render('proposal-list', Array, true)
#4 C:\laragon\www\Cerenity-Studio-Web\app\Controllers\ProposalList.php(9): view('proposal-list')
#5 C:\laragon\www\Cerenity-Studio-Web\system\CodeIgniter.php(824): App\Controllers\ProposalList->index()
#6 C:\laragon\www\Cerenity-Studio-Web\system\CodeIgniter.php(410): CodeIgniter\CodeIgniter->runController(Object(App\Controllers\ProposalList))
#7 C:\laragon\www\Cerenity-Studio-Web\system\CodeIgniter.php(318): CodeIgniter\CodeIgniter->handleRequest(NULL, Object(Config\Cache), false)
#8 C:\laragon\www\Cerenity-Studio-Web\public\index.php(37): CodeIgniter\CodeIgniter->run()
#9 C:\laragon\www\Cerenity-Studio-Web\system\Commands\Server\rewrite.php(43): require_once('C:\\laragon\\www\\...')
#10 {main}
CRITICAL - 2021-12-30 09:18:58 --> Undefined variable: proposal
#0 C:\laragon\www\Cerenity-Studio-Web\app\Views\proposal-list.php(76): CodeIgniter\Debug\Exceptions->errorHandler(8, 'Undefined varia...', 'C:\\laragon\\www\\...', 76, Array)
#1 C:\laragon\www\Cerenity-Studio-Web\system\View\View.php(214): include('C:\\laragon\\www\\...')
#2 C:\laragon\www\Cerenity-Studio-Web\system\View\View.php(217): CodeIgniter\View\View->CodeIgniter\View\{closure}()
#3 C:\laragon\www\Cerenity-Studio-Web\system\Common.php(1097): CodeIgniter\View\View->render('proposal-list', Array, true)
#4 C:\laragon\www\Cerenity-Studio-Web\app\Controllers\ProposalList.php(9): view('proposal-list')
#5 C:\laragon\www\Cerenity-Studio-Web\system\CodeIgniter.php(824): App\Controllers\ProposalList->index()
#6 C:\laragon\www\Cerenity-Studio-Web\system\CodeIgniter.php(410): CodeIgniter\CodeIgniter->runController(Object(App\Controllers\ProposalList))
#7 C:\laragon\www\Cerenity-Studio-Web\system\CodeIgniter.php(318): CodeIgniter\CodeIgniter->handleRequest(NULL, Object(Config\Cache), false)
#8 C:\laragon\www\Cerenity-Studio-Web\public\index.php(37): CodeIgniter\CodeIgniter->run()
#9 C:\laragon\www\Cerenity-Studio-Web\system\Commands\Server\rewrite.php(43): require_once('C:\\laragon\\www\\...')
#10 {main}
CRITICAL - 2021-12-30 09:48:15 --> Undefined index: post_id
#0 C:\laragon\www\Cerenity-Studio-Web\app\Views\proposal-list.php(86): CodeIgniter\Debug\Exceptions->errorHandler(8, 'Undefined index...', 'C:\\laragon\\www\\...', 86, Array)
#1 C:\laragon\www\Cerenity-Studio-Web\system\View\View.php(214): include('C:\\laragon\\www\\...')
#2 C:\laragon\www\Cerenity-Studio-Web\system\View\View.php(217): CodeIgniter\View\View->CodeIgniter\View\{closure}()
#3 C:\laragon\www\Cerenity-Studio-Web\system\Common.php(1097): CodeIgniter\View\View->render('proposal-list', Array, true)
#4 C:\laragon\www\Cerenity-Studio-Web\app\Controllers\SubmitProposal.php(26): view('proposal-list', Array)
#5 C:\laragon\www\Cerenity-Studio-Web\system\CodeIgniter.php(824): App\Controllers\SubmitProposal->proposalList()
#6 C:\laragon\www\Cerenity-Studio-Web\system\CodeIgniter.php(410): CodeIgniter\CodeIgniter->runController(Object(App\Controllers\SubmitProposal))
#7 C:\laragon\www\Cerenity-Studio-Web\system\CodeIgniter.php(318): CodeIgniter\CodeIgniter->handleRequest(NULL, Object(Config\Cache), false)
#8 C:\laragon\www\Cerenity-Studio-Web\public\index.php(37): CodeIgniter\CodeIgniter->run()
#9 C:\laragon\www\Cerenity-Studio-Web\system\Commands\Server\rewrite.php(43): require_once('C:\\laragon\\www\\...')
#10 {main}
CRITICAL - 2021-12-30 09:48:24 --> Undefined index: post_id
#0 C:\laragon\www\Cerenity-Studio-Web\app\Views\proposal-list.php(87): CodeIgniter\Debug\Exceptions->errorHandler(8, 'Undefined index...', 'C:\\laragon\\www\\...', 87, Array)
#1 C:\laragon\www\Cerenity-Studio-Web\system\View\View.php(214): include('C:\\laragon\\www\\...')
#2 C:\laragon\www\Cerenity-Studio-Web\system\View\View.php(217): CodeIgniter\View\View->CodeIgniter\View\{closure}()
#3 C:\laragon\www\Cerenity-Studio-Web\system\Common.php(1097): CodeIgniter\View\View->render('proposal-list', Array, true)
#4 C:\laragon\www\Cerenity-Studio-Web\app\Controllers\SubmitProposal.php(26): view('proposal-list', Array)
#5 C:\laragon\www\Cerenity-Studio-Web\system\CodeIgniter.php(824): App\Controllers\SubmitProposal->proposalList()
#6 C:\laragon\www\Cerenity-Studio-Web\system\CodeIgniter.php(410): CodeIgniter\CodeIgniter->runController(Object(App\Controllers\SubmitProposal))
#7 C:\laragon\www\Cerenity-Studio-Web\system\CodeIgniter.php(318): CodeIgniter\CodeIgniter->handleRequest(NULL, Object(Config\Cache), false)
#8 C:\laragon\www\Cerenity-Studio-Web\public\index.php(37): CodeIgniter\CodeIgniter->run()
#9 C:\laragon\www\Cerenity-Studio-Web\system\Commands\Server\rewrite.php(43): require_once('C:\\laragon\\www\\...')
#10 {main}
CRITICAL - 2021-12-30 10:01:23 --> Trying to access array offset on value of type null
#0 C:\laragon\www\Cerenity-Studio-Web\app\Views\proposal-edit.php(77): CodeIgniter\Debug\Exceptions->errorHandler(8, 'Trying to acces...', 'C:\\laragon\\www\\...', 77, Array)
#1 C:\laragon\www\Cerenity-Studio-Web\system\View\View.php(214): include('C:\\laragon\\www\\...')
#2 C:\laragon\www\Cerenity-Studio-Web\system\View\View.php(217): CodeIgniter\View\View->CodeIgniter\View\{closure}()
#3 C:\laragon\www\Cerenity-Studio-Web\system\Common.php(1097): CodeIgniter\View\View->render('proposal-edit', Array, true)
#4 C:\laragon\www\Cerenity-Studio-Web\app\Controllers\SubmitProposal.php(72): view('proposal-edit', Array)
#5 C:\laragon\www\Cerenity-Studio-Web\system\CodeIgniter.php(824): App\Controllers\SubmitProposal->editRequest('style.css')
#6 C:\laragon\www\Cerenity-Studio-Web\system\CodeIgniter.php(410): CodeIgniter\CodeIgniter->runController(Object(App\Controllers\SubmitProposal))
#7 C:\laragon\www\Cerenity-Studio-Web\system\CodeIgniter.php(318): CodeIgniter\CodeIgniter->handleRequest(NULL, Object(Config\Cache), false)
#8 C:\laragon\www\Cerenity-Studio-Web\public\index.php(37): CodeIgniter\CodeIgniter->run()
#9 C:\laragon\www\Cerenity-Studio-Web\system\Commands\Server\rewrite.php(43): require_once('C:\\laragon\\www\\...')
#10 {main}
CRITICAL - 2021-12-30 10:01:23 --> Trying to access array offset on value of type null
#0 C:\laragon\www\Cerenity-Studio-Web\app\Views\proposal-edit.php(77): CodeIgniter\Debug\Exceptions->errorHandler(8, 'Trying to acces...', 'C:\\laragon\\www\\...', 77, Array)
#1 C:\laragon\www\Cerenity-Studio-Web\system\View\View.php(214): include('C:\\laragon\\www\\...')
#2 C:\laragon\www\Cerenity-Studio-Web\system\View\View.php(217): CodeIgniter\View\View->CodeIgniter\View\{closure}()
#3 C:\laragon\www\Cerenity-Studio-Web\system\Common.php(1097): CodeIgniter\View\View->render('proposal-edit', Array, true)
#4 C:\laragon\www\Cerenity-Studio-Web\app\Controllers\SubmitProposal.php(72): view('proposal-edit', Array)
#5 C:\laragon\www\Cerenity-Studio-Web\system\CodeIgniter.php(824): App\Controllers\SubmitProposal->editRequest('style.css')
#6 C:\laragon\www\Cerenity-Studio-Web\system\CodeIgniter.php(410): CodeIgniter\CodeIgniter->runController(Object(App\Controllers\SubmitProposal))
#7 C:\laragon\www\Cerenity-Studio-Web\system\CodeIgniter.php(318): CodeIgniter\CodeIgniter->handleRequest(NULL, Object(Config\Cache), false)
#8 C:\laragon\www\Cerenity-Studio-Web\public\index.php(37): CodeIgniter\CodeIgniter->run()
#9 C:\laragon\www\Cerenity-Studio-Web\system\Commands\Server\rewrite.php(43): require_once('C:\\laragon\\www\\...')
#10 {main}
CRITICAL - 2021-12-30 10:02:12 --> Trying to access array offset on value of type null
#0 C:\laragon\www\Cerenity-Studio-Web\app\Views\proposal-edit.php(77): CodeIgniter\Debug\Exceptions->errorHandler(8, 'Trying to acces...', 'C:\\laragon\\www\\...', 77, Array)
#1 C:\laragon\www\Cerenity-Studio-Web\system\View\View.php(214): include('C:\\laragon\\www\\...')
#2 C:\laragon\www\Cerenity-Studio-Web\system\View\View.php(217): CodeIgniter\View\View->CodeIgniter\View\{closure}()
#3 C:\laragon\www\Cerenity-Studio-Web\system\Common.php(1097): CodeIgniter\View\View->render('proposal-edit', Array, true)
#4 C:\laragon\www\Cerenity-Studio-Web\app\Controllers\SubmitProposal.php(72): view('proposal-edit', Array)
#5 C:\laragon\www\Cerenity-Studio-Web\system\CodeIgniter.php(824): App\Controllers\SubmitProposal->editRequest('style.css')
#6 C:\laragon\www\Cerenity-Studio-Web\system\CodeIgniter.php(410): CodeIgniter\CodeIgniter->runController(Object(App\Controllers\SubmitProposal))
#7 C:\laragon\www\Cerenity-Studio-Web\system\CodeIgniter.php(318): CodeIgniter\CodeIgniter->handleRequest(NULL, Object(Config\Cache), false)
#8 C:\laragon\www\Cerenity-Studio-Web\public\index.php(37): CodeIgniter\CodeIgniter->run()
#9 C:\laragon\www\Cerenity-Studio-Web\system\Commands\Server\rewrite.php(43): require_once('C:\\laragon\\www\\...')
#10 {main}
CRITICAL - 2021-12-30 10:02:12 --> Trying to access array offset on value of type null
#0 C:\laragon\www\Cerenity-Studio-Web\app\Views\proposal-edit.php(77): CodeIgniter\Debug\Exceptions->errorHandler(8, 'Trying to acces...', 'C:\\laragon\\www\\...', 77, Array)
#1 C:\laragon\www\Cerenity-Studio-Web\system\View\View.php(214): include('C:\\laragon\\www\\...')
#2 C:\laragon\www\Cerenity-Studio-Web\system\View\View.php(217): CodeIgniter\View\View->CodeIgniter\View\{closure}()
#3 C:\laragon\www\Cerenity-Studio-Web\system\Common.php(1097): CodeIgniter\View\View->render('proposal-edit', Array, true)
#4 C:\laragon\www\Cerenity-Studio-Web\app\Controllers\SubmitProposal.php(72): view('proposal-edit', Array)
#5 C:\laragon\www\Cerenity-Studio-Web\system\CodeIgniter.php(824): App\Controllers\SubmitProposal->editRequest('style.css')
#6 C:\laragon\www\Cerenity-Studio-Web\system\CodeIgniter.php(410): CodeIgniter\CodeIgniter->runController(Object(App\Controllers\SubmitProposal))
#7 C:\laragon\www\Cerenity-Studio-Web\system\CodeIgniter.php(318): CodeIgniter\CodeIgniter->handleRequest(NULL, Object(Config\Cache), false)
#8 C:\laragon\www\Cerenity-Studio-Web\public\index.php(37): CodeIgniter\CodeIgniter->run()
#9 C:\laragon\www\Cerenity-Studio-Web\system\Commands\Server\rewrite.php(43): require_once('C:\\laragon\\www\\...')
#10 {main}
CRITICAL - 2021-12-30 10:02:23 --> Trying to access array offset on value of type null
#0 C:\laragon\www\Cerenity-Studio-Web\app\Views\proposal-edit.php(77): CodeIgniter\Debug\Exceptions->errorHandler(8, 'Trying to acces...', 'C:\\laragon\\www\\...', 77, Array)
#1 C:\laragon\www\Cerenity-Studio-Web\system\View\View.php(214): include('C:\\laragon\\www\\...')
#2 C:\laragon\www\Cerenity-Studio-Web\system\View\View.php(217): CodeIgniter\View\View->CodeIgniter\View\{closure}()
#3 C:\laragon\www\Cerenity-Studio-Web\system\Common.php(1097): CodeIgniter\View\View->render('proposal-edit', Array, true)
#4 C:\laragon\www\Cerenity-Studio-Web\app\Controllers\SubmitProposal.php(72): view('proposal-edit', Array)
#5 C:\laragon\www\Cerenity-Studio-Web\system\CodeIgniter.php(824): App\Controllers\SubmitProposal->editRequest('style.css')
#6 C:\laragon\www\Cerenity-Studio-Web\system\CodeIgniter.php(410): CodeIgniter\CodeIgniter->runController(Object(App\Controllers\SubmitProposal))
#7 C:\laragon\www\Cerenity-Studio-Web\system\CodeIgniter.php(318): CodeIgniter\CodeIgniter->handleRequest(NULL, Object(Config\Cache), false)
#8 C:\laragon\www\Cerenity-Studio-Web\public\index.php(37): CodeIgniter\CodeIgniter->run()
#9 C:\laragon\www\Cerenity-Studio-Web\system\Commands\Server\rewrite.php(43): require_once('C:\\laragon\\www\\...')
#10 {main}
CRITICAL - 2021-12-30 10:02:41 --> Trying to access array offset on value of type null
#0 C:\laragon\www\Cerenity-Studio-Web\app\Views\proposal-edit.php(77): CodeIgniter\Debug\Exceptions->errorHandler(8, 'Trying to acces...', 'C:\\laragon\\www\\...', 77, Array)
#1 C:\laragon\www\Cerenity-Studio-Web\system\View\View.php(214): include('C:\\laragon\\www\\...')
#2 C:\laragon\www\Cerenity-Studio-Web\system\View\View.php(217): CodeIgniter\View\View->CodeIgniter\View\{closure}()
#3 C:\laragon\www\Cerenity-Studio-Web\system\Common.php(1097): CodeIgniter\View\View->render('proposal-edit', Array, true)
#4 C:\laragon\www\Cerenity-Studio-Web\app\Controllers\SubmitProposal.php(72): view('proposal-edit', Array)
#5 C:\laragon\www\Cerenity-Studio-Web\system\CodeIgniter.php(824): App\Controllers\SubmitProposal->editRequest('style.css')
#6 C:\laragon\www\Cerenity-Studio-Web\system\CodeIgniter.php(410): CodeIgniter\CodeIgniter->runController(Object(App\Controllers\SubmitProposal))
#7 C:\laragon\www\Cerenity-Studio-Web\system\CodeIgniter.php(318): CodeIgniter\CodeIgniter->handleRequest(NULL, Object(Config\Cache), false)
#8 C:\laragon\www\Cerenity-Studio-Web\public\index.php(37): CodeIgniter\CodeIgniter->run()
#9 C:\laragon\www\Cerenity-Studio-Web\system\Commands\Server\rewrite.php(43): require_once('C:\\laragon\\www\\...')
#10 {main}
CRITICAL - 2021-12-30 10:02:42 --> Trying to access array offset on value of type null
#0 C:\laragon\www\Cerenity-Studio-Web\app\Views\proposal-edit.php(77): CodeIgniter\Debug\Exceptions->errorHandler(8, 'Trying to acces...', 'C:\\laragon\\www\\...', 77, Array)
#1 C:\laragon\www\Cerenity-Studio-Web\system\View\View.php(214): include('C:\\laragon\\www\\...')
#2 C:\laragon\www\Cerenity-Studio-Web\system\View\View.php(217): CodeIgniter\View\View->CodeIgniter\View\{closure}()
#3 C:\laragon\www\Cerenity-Studio-Web\system\Common.php(1097): CodeIgniter\View\View->render('proposal-edit', Array, true)
#4 C:\laragon\www\Cerenity-Studio-Web\app\Controllers\SubmitProposal.php(72): view('proposal-edit', Array)
#5 C:\laragon\www\Cerenity-Studio-Web\system\CodeIgniter.php(824): App\Controllers\SubmitProposal->editRequest('style.css')
#6 C:\laragon\www\Cerenity-Studio-Web\system\CodeIgniter.php(410): CodeIgniter\CodeIgniter->runController(Object(App\Controllers\SubmitProposal))
#7 C:\laragon\www\Cerenity-Studio-Web\system\CodeIgniter.php(318): CodeIgniter\CodeIgniter->handleRequest(NULL, Object(Config\Cache), false)
#8 C:\laragon\www\Cerenity-Studio-Web\public\index.php(37): CodeIgniter\CodeIgniter->run()
#9 C:\laragon\www\Cerenity-Studio-Web\system\Commands\Server\rewrite.php(43): require_once('C:\\laragon\\www\\...')
#10 {main}
CRITICAL - 2021-12-30 10:02:48 --> Trying to access array offset on value of type null
#0 C:\laragon\www\Cerenity-Studio-Web\app\Views\proposal-edit.php(77): CodeIgniter\Debug\Exceptions->errorHandler(8, 'Trying to acces...', 'C:\\laragon\\www\\...', 77, Array)
#1 C:\laragon\www\Cerenity-Studio-Web\system\View\View.php(214): include('C:\\laragon\\www\\...')
#2 C:\laragon\www\Cerenity-Studio-Web\system\View\View.php(217): CodeIgniter\View\View->CodeIgniter\View\{closure}()
#3 C:\laragon\www\Cerenity-Studio-Web\system\Common.php(1097): CodeIgniter\View\View->render('proposal-edit', Array, true)
#4 C:\laragon\www\Cerenity-Studio-Web\app\Controllers\SubmitProposal.php(72): view('proposal-edit', Array)
#5 C:\laragon\www\Cerenity-Studio-Web\system\CodeIgniter.php(824): App\Controllers\SubmitProposal->editRequest('style.css')
#6 C:\laragon\www\Cerenity-Studio-Web\system\CodeIgniter.php(410): CodeIgniter\CodeIgniter->runController(Object(App\Controllers\SubmitProposal))
#7 C:\laragon\www\Cerenity-Studio-Web\system\CodeIgniter.php(318): CodeIgniter\CodeIgniter->handleRequest(NULL, Object(Config\Cache), false)
#8 C:\laragon\www\Cerenity-Studio-Web\public\index.php(37): CodeIgniter\CodeIgniter->run()
#9 C:\laragon\www\Cerenity-Studio-Web\system\Commands\Server\rewrite.php(43): require_once('C:\\laragon\\www\\...')
#10 {main}
CRITICAL - 2021-12-30 10:02:48 --> Trying to access array offset on value of type null
#0 C:\laragon\www\Cerenity-Studio-Web\app\Views\proposal-edit.php(77): CodeIgniter\Debug\Exceptions->errorHandler(8, 'Trying to acces...', 'C:\\laragon\\www\\...', 77, Array)
#1 C:\laragon\www\Cerenity-Studio-Web\system\View\View.php(214): include('C:\\laragon\\www\\...')
#2 C:\laragon\www\Cerenity-Studio-Web\system\View\View.php(217): CodeIgniter\View\View->CodeIgniter\View\{closure}()
#3 C:\laragon\www\Cerenity-Studio-Web\system\Common.php(1097): CodeIgniter\View\View->render('proposal-edit', Array, true)
#4 C:\laragon\www\Cerenity-Studio-Web\app\Controllers\SubmitProposal.php(72): view('proposal-edit', Array)
#5 C:\laragon\www\Cerenity-Studio-Web\system\CodeIgniter.php(824): App\Controllers\SubmitProposal->editRequest('style.css')
#6 C:\laragon\www\Cerenity-Studio-Web\system\CodeIgniter.php(410): CodeIgniter\CodeIgniter->runController(Object(App\Controllers\SubmitProposal))
#7 C:\laragon\www\Cerenity-Studio-Web\system\CodeIgniter.php(318): CodeIgniter\CodeIgniter->handleRequest(NULL, Object(Config\Cache), false)
#8 C:\laragon\www\Cerenity-Studio-Web\public\index.php(37): CodeIgniter\CodeIgniter->run()
#9 C:\laragon\www\Cerenity-Studio-Web\system\Commands\Server\rewrite.php(43): require_once('C:\\laragon\\www\\...')
#10 {main}
CRITICAL - 2021-12-30 10:02:56 --> Trying to access array offset on value of type null
#0 C:\laragon\www\Cerenity-Studio-Web\app\Views\proposal-edit.php(77): CodeIgniter\Debug\Exceptions->errorHandler(8, 'Trying to acces...', 'C:\\laragon\\www\\...', 77, Array)
#1 C:\laragon\www\Cerenity-Studio-Web\system\View\View.php(214): include('C:\\laragon\\www\\...')
#2 C:\laragon\www\Cerenity-Studio-Web\system\View\View.php(217): CodeIgniter\View\View->CodeIgniter\View\{closure}()
#3 C:\laragon\www\Cerenity-Studio-Web\system\Common.php(1097): CodeIgniter\View\View->render('proposal-edit', Array, true)
#4 C:\laragon\www\Cerenity-Studio-Web\app\Controllers\SubmitProposal.php(72): view('proposal-edit', Array)
#5 C:\laragon\www\Cerenity-Studio-Web\system\CodeIgniter.php(824): App\Controllers\SubmitProposal->editRequest('style.css')
#6 C:\laragon\www\Cerenity-Studio-Web\system\CodeIgniter.php(410): CodeIgniter\CodeIgniter->runController(Object(App\Controllers\SubmitProposal))
#7 C:\laragon\www\Cerenity-Studio-Web\system\CodeIgniter.php(318): CodeIgniter\CodeIgniter->handleRequest(NULL, Object(Config\Cache), false)
#8 C:\laragon\www\Cerenity-Studio-Web\public\index.php(37): CodeIgniter\CodeIgniter->run()
#9 C:\laragon\www\Cerenity-Studio-Web\system\Commands\Server\rewrite.php(43): require_once('C:\\laragon\\www\\...')
#10 {main}
CRITICAL - 2021-12-30 10:02:57 --> Trying to access array offset on value of type null
#0 C:\laragon\www\Cerenity-Studio-Web\app\Views\proposal-edit.php(77): CodeIgniter\Debug\Exceptions->errorHandler(8, 'Trying to acces...', 'C:\\laragon\\www\\...', 77, Array)
#1 C:\laragon\www\Cerenity-Studio-Web\system\View\View.php(214): include('C:\\laragon\\www\\...')
#2 C:\laragon\www\Cerenity-Studio-Web\system\View\View.php(217): CodeIgniter\View\View->CodeIgniter\View\{closure}()
#3 C:\laragon\www\Cerenity-Studio-Web\system\Common.php(1097): CodeIgniter\View\View->render('proposal-edit', Array, true)
#4 C:\laragon\www\Cerenity-Studio-Web\app\Controllers\SubmitProposal.php(72): view('proposal-edit', Array)
#5 C:\laragon\www\Cerenity-Studio-Web\system\CodeIgniter.php(824): App\Controllers\SubmitProposal->editRequest('style.css')
#6 C:\laragon\www\Cerenity-Studio-Web\system\CodeIgniter.php(410): CodeIgniter\CodeIgniter->runController(Object(App\Controllers\SubmitProposal))
#7 C:\laragon\www\Cerenity-Studio-Web\system\CodeIgniter.php(318): CodeIgniter\CodeIgniter->handleRequest(NULL, Object(Config\Cache), false)
#8 C:\laragon\www\Cerenity-Studio-Web\public\index.php(37): CodeIgniter\CodeIgniter->run()
#9 C:\laragon\www\Cerenity-Studio-Web\system\Commands\Server\rewrite.php(43): require_once('C:\\laragon\\www\\...')
#10 {main}
CRITICAL - 2021-12-30 10:03:07 --> Trying to access array offset on value of type null
#0 C:\laragon\www\Cerenity-Studio-Web\app\Views\proposal-edit.php(77): CodeIgniter\Debug\Exceptions->errorHandler(8, 'Trying to acces...', 'C:\\laragon\\www\\...', 77, Array)
#1 C:\laragon\www\Cerenity-Studio-Web\system\View\View.php(214): include('C:\\laragon\\www\\...')
#2 C:\laragon\www\Cerenity-Studio-Web\system\View\View.php(217): CodeIgniter\View\View->CodeIgniter\View\{closure}()
#3 C:\laragon\www\Cerenity-Studio-Web\system\Common.php(1097): CodeIgniter\View\View->render('proposal-edit', Array, true)
#4 C:\laragon\www\Cerenity-Studio-Web\app\Controllers\SubmitProposal.php(72): view('proposal-edit', Array)
#5 C:\laragon\www\Cerenity-Studio-Web\system\CodeIgniter.php(824): App\Controllers\SubmitProposal->editRequest('style.css')
#6 C:\laragon\www\Cerenity-Studio-Web\system\CodeIgniter.php(410): CodeIgniter\CodeIgniter->runController(Object(App\Controllers\SubmitProposal))
#7 C:\laragon\www\Cerenity-Studio-Web\system\CodeIgniter.php(318): CodeIgniter\CodeIgniter->handleRequest(NULL, Object(Config\Cache), false)
#8 C:\laragon\www\Cerenity-Studio-Web\public\index.php(37): CodeIgniter\CodeIgniter->run()
#9 C:\laragon\www\Cerenity-Studio-Web\system\Commands\Server\rewrite.php(43): require_once('C:\\laragon\\www\\...')
#10 {main}
CRITICAL - 2021-12-30 10:03:07 --> Trying to access array offset on value of type null
#0 C:\laragon\www\Cerenity-Studio-Web\app\Views\proposal-edit.php(77): CodeIgniter\Debug\Exceptions->errorHandler(8, 'Trying to acces...', 'C:\\laragon\\www\\...', 77, Array)
#1 C:\laragon\www\Cerenity-Studio-Web\system\View\View.php(214): include('C:\\laragon\\www\\...')
#2 C:\laragon\www\Cerenity-Studio-Web\system\View\View.php(217): CodeIgniter\View\View->CodeIgniter\View\{closure}()
#3 C:\laragon\www\Cerenity-Studio-Web\system\Common.php(1097): CodeIgniter\View\View->render('proposal-edit', Array, true)
#4 C:\laragon\www\Cerenity-Studio-Web\app\Controllers\SubmitProposal.php(72): view('proposal-edit', Array)
#5 C:\laragon\www\Cerenity-Studio-Web\system\CodeIgniter.php(824): App\Controllers\SubmitProposal->editRequest('style.css')
#6 C:\laragon\www\Cerenity-Studio-Web\system\CodeIgniter.php(410): CodeIgniter\CodeIgniter->runController(Object(App\Controllers\SubmitProposal))
#7 C:\laragon\www\Cerenity-Studio-Web\system\CodeIgniter.php(318): CodeIgniter\CodeIgniter->handleRequest(NULL, Object(Config\Cache), false)
#8 C:\laragon\www\Cerenity-Studio-Web\public\index.php(37): CodeIgniter\CodeIgniter->run()
#9 C:\laragon\www\Cerenity-Studio-Web\system\Commands\Server\rewrite.php(43): require_once('C:\\laragon\\www\\...')
#10 {main}
CRITICAL - 2021-12-30 10:03:19 --> Trying to access array offset on value of type null
#0 C:\laragon\www\Cerenity-Studio-Web\app\Views\proposal-edit.php(77): CodeIgniter\Debug\Exceptions->errorHandler(8, 'Trying to acces...', 'C:\\laragon\\www\\...', 77, Array)
#1 C:\laragon\www\Cerenity-Studio-Web\system\View\View.php(214): include('C:\\laragon\\www\\...')
#2 C:\laragon\www\Cerenity-Studio-Web\system\View\View.php(217): CodeIgniter\View\View->CodeIgniter\View\{closure}()
#3 C:\laragon\www\Cerenity-Studio-Web\system\Common.php(1097): CodeIgniter\View\View->render('proposal-edit', Array, true)
#4 C:\laragon\www\Cerenity-Studio-Web\app\Controllers\SubmitProposal.php(72): view('proposal-edit', Array)
#5 C:\laragon\www\Cerenity-Studio-Web\system\CodeIgniter.php(824): App\Controllers\SubmitProposal->editRequest('style.css')
#6 C:\laragon\www\Cerenity-Studio-Web\system\CodeIgniter.php(410): CodeIgniter\CodeIgniter->runController(Object(App\Controllers\SubmitProposal))
#7 C:\laragon\www\Cerenity-Studio-Web\system\CodeIgniter.php(318): CodeIgniter\CodeIgniter->handleRequest(NULL, Object(Config\Cache), false)
#8 C:\laragon\www\Cerenity-Studio-Web\public\index.php(37): CodeIgniter\CodeIgniter->run()
#9 C:\laragon\www\Cerenity-Studio-Web\system\Commands\Server\rewrite.php(43): require_once('C:\\laragon\\www\\...')
#10 {main}
CRITICAL - 2021-12-30 10:03:19 --> Trying to access array offset on value of type null
#0 C:\laragon\www\Cerenity-Studio-Web\app\Views\proposal-edit.php(77): CodeIgniter\Debug\Exceptions->errorHandler(8, 'Trying to acces...', 'C:\\laragon\\www\\...', 77, Array)
#1 C:\laragon\www\Cerenity-Studio-Web\system\View\View.php(214): include('C:\\laragon\\www\\...')
#2 C:\laragon\www\Cerenity-Studio-Web\system\View\View.php(217): CodeIgniter\View\View->CodeIgniter\View\{closure}()
#3 C:\laragon\www\Cerenity-Studio-Web\system\Common.php(1097): CodeIgniter\View\View->render('proposal-edit', Array, true)
#4 C:\laragon\www\Cerenity-Studio-Web\app\Controllers\SubmitProposal.php(72): view('proposal-edit', Array)
#5 C:\laragon\www\Cerenity-Studio-Web\system\CodeIgniter.php(824): App\Controllers\SubmitProposal->editRequest('style.css')
#6 C:\laragon\www\Cerenity-Studio-Web\system\CodeIgniter.php(410): CodeIgniter\CodeIgniter->runController(Object(App\Controllers\SubmitProposal))
#7 C:\laragon\www\Cerenity-Studio-Web\system\CodeIgniter.php(318): CodeIgniter\CodeIgniter->handleRequest(NULL, Object(Config\Cache), false)
#8 C:\laragon\www\Cerenity-Studio-Web\public\index.php(37): CodeIgniter\CodeIgniter->run()
#9 C:\laragon\www\Cerenity-Studio-Web\system\Commands\Server\rewrite.php(43): require_once('C:\\laragon\\www\\...')
#10 {main}
CRITICAL - 2021-12-30 10:03:40 --> Trying to access array offset on value of type null
#0 C:\laragon\www\Cerenity-Studio-Web\app\Views\proposal-edit.php(77): CodeIgniter\Debug\Exceptions->errorHandler(8, 'Trying to acces...', 'C:\\laragon\\www\\...', 77, Array)
#1 C:\laragon\www\Cerenity-Studio-Web\system\View\View.php(214): include('C:\\laragon\\www\\...')
#2 C:\laragon\www\Cerenity-Studio-Web\system\View\View.php(217): CodeIgniter\View\View->CodeIgniter\View\{closure}()
#3 C:\laragon\www\Cerenity-Studio-Web\system\Common.php(1097): CodeIgniter\View\View->render('proposal-edit', Array, true)
#4 C:\laragon\www\Cerenity-Studio-Web\app\Controllers\SubmitProposal.php(72): view('proposal-edit', Array)
#5 C:\laragon\www\Cerenity-Studio-Web\system\CodeIgniter.php(824): App\Controllers\SubmitProposal->editRequest('style.css')
#6 C:\laragon\www\Cerenity-Studio-Web\system\CodeIgniter.php(410): CodeIgniter\CodeIgniter->runController(Object(App\Controllers\SubmitProposal))
#7 C:\laragon\www\Cerenity-Studio-Web\system\CodeIgniter.php(318): CodeIgniter\CodeIgniter->handleRequest(NULL, Object(Config\Cache), false)
#8 C:\laragon\www\Cerenity-Studio-Web\public\index.php(37): CodeIgniter\CodeIgniter->run()
#9 C:\laragon\www\Cerenity-Studio-Web\system\Commands\Server\rewrite.php(43): require_once('C:\\laragon\\www\\...')
#10 {main}
CRITICAL - 2021-12-30 10:03:41 --> Trying to access array offset on value of type null
#0 C:\laragon\www\Cerenity-Studio-Web\app\Views\proposal-edit.php(77): CodeIgniter\Debug\Exceptions->errorHandler(8, 'Trying to acces...', 'C:\\laragon\\www\\...', 77, Array)
#1 C:\laragon\www\Cerenity-Studio-Web\system\View\View.php(214): include('C:\\laragon\\www\\...')
#2 C:\laragon\www\Cerenity-Studio-Web\system\View\View.php(217): CodeIgniter\View\View->CodeIgniter\View\{closure}()
#3 C:\laragon\www\Cerenity-Studio-Web\system\Common.php(1097): CodeIgniter\View\View->render('proposal-edit', Array, true)
#4 C:\laragon\www\Cerenity-Studio-Web\app\Controllers\SubmitProposal.php(72): view('proposal-edit', Array)
#5 C:\laragon\www\Cerenity-Studio-Web\system\CodeIgniter.php(824): App\Controllers\SubmitProposal->editRequest('style.css')
#6 C:\laragon\www\Cerenity-Studio-Web\system\CodeIgniter.php(410): CodeIgniter\CodeIgniter->runController(Object(App\Controllers\SubmitProposal))
#7 C:\laragon\www\Cerenity-Studio-Web\system\CodeIgniter.php(318): CodeIgniter\CodeIgniter->handleRequest(NULL, Object(Config\Cache), false)
#8 C:\laragon\www\Cerenity-Studio-Web\public\index.php(37): CodeIgniter\CodeIgniter->run()
#9 C:\laragon\www\Cerenity-Studio-Web\system\Commands\Server\rewrite.php(43): require_once('C:\\laragon\\www\\...')
#10 {main}
CRITICAL - 2021-12-30 10:05:54 --> Trying to access array offset on value of type null
#0 C:\laragon\www\Cerenity-Studio-Web\app\Views\proposal-edit.php(77): CodeIgniter\Debug\Exceptions->errorHandler(8, 'Trying to acces...', 'C:\\laragon\\www\\...', 77, Array)
#1 C:\laragon\www\Cerenity-Studio-Web\system\View\View.php(214): include('C:\\laragon\\www\\...')
#2 C:\laragon\www\Cerenity-Studio-Web\system\View\View.php(217): CodeIgniter\View\View->CodeIgniter\View\{closure}()
#3 C:\laragon\www\Cerenity-Studio-Web\system\Common.php(1097): CodeIgniter\View\View->render('proposal-edit', Array, true)
#4 C:\laragon\www\Cerenity-Studio-Web\app\Controllers\SubmitProposal.php(72): view('proposal-edit', Array)
#5 C:\laragon\www\Cerenity-Studio-Web\system\CodeIgniter.php(824): App\Controllers\SubmitProposal->editRequest('style.css')
#6 C:\laragon\www\Cerenity-Studio-Web\system\CodeIgniter.php(410): CodeIgniter\CodeIgniter->runController(Object(App\Controllers\SubmitProposal))
#7 C:\laragon\www\Cerenity-Studio-Web\system\CodeIgniter.php(318): CodeIgniter\CodeIgniter->handleRequest(NULL, Object(Config\Cache), false)
#8 C:\laragon\www\Cerenity-Studio-Web\public\index.php(37): CodeIgniter\CodeIgniter->run()
#9 C:\laragon\www\Cerenity-Studio-Web\system\Commands\Server\rewrite.php(43): require_once('C:\\laragon\\www\\...')
#10 {main}
CRITICAL - 2021-12-30 10:05:54 --> Trying to access array offset on value of type null
#0 C:\laragon\www\Cerenity-Studio-Web\app\Views\proposal-edit.php(77): CodeIgniter\Debug\Exceptions->errorHandler(8, 'Trying to acces...', 'C:\\laragon\\www\\...', 77, Array)
#1 C:\laragon\www\Cerenity-Studio-Web\system\View\View.php(214): include('C:\\laragon\\www\\...')
#2 C:\laragon\www\Cerenity-Studio-Web\system\View\View.php(217): CodeIgniter\View\View->CodeIgniter\View\{closure}()
#3 C:\laragon\www\Cerenity-Studio-Web\system\Common.php(1097): CodeIgniter\View\View->render('proposal-edit', Array, true)
#4 C:\laragon\www\Cerenity-Studio-Web\app\Controllers\SubmitProposal.php(72): view('proposal-edit', Array)
#5 C:\laragon\www\Cerenity-Studio-Web\system\CodeIgniter.php(824): App\Controllers\SubmitProposal->editRequest('style.css')
#6 C:\laragon\www\Cerenity-Studio-Web\system\CodeIgniter.php(410): CodeIgniter\CodeIgniter->runController(Object(App\Controllers\SubmitProposal))
#7 C:\laragon\www\Cerenity-Studio-Web\system\CodeIgniter.php(318): CodeIgniter\CodeIgniter->handleRequest(NULL, Object(Config\Cache), false)
#8 C:\laragon\www\Cerenity-Studio-Web\public\index.php(37): CodeIgniter\CodeIgniter->run()
#9 C:\laragon\www\Cerenity-Studio-Web\system\Commands\Server\rewrite.php(43): require_once('C:\\laragon\\www\\...')
#10 {main}
CRITICAL - 2021-12-30 10:06:17 --> Trying to access array offset on value of type null
#0 C:\laragon\www\Cerenity-Studio-Web\app\Views\proposal-edit.php(77): CodeIgniter\Debug\Exceptions->errorHandler(8, 'Trying to acces...', 'C:\\laragon\\www\\...', 77, Array)
#1 C:\laragon\www\Cerenity-Studio-Web\system\View\View.php(214): include('C:\\laragon\\www\\...')
#2 C:\laragon\www\Cerenity-Studio-Web\system\View\View.php(217): CodeIgniter\View\View->CodeIgniter\View\{closure}()
#3 C:\laragon\www\Cerenity-Studio-Web\system\Common.php(1097): CodeIgniter\View\View->render('proposal-edit', Array, true)
#4 C:\laragon\www\Cerenity-Studio-Web\app\Controllers\SubmitProposal.php(72): view('proposal-edit', Array)
#5 C:\laragon\www\Cerenity-Studio-Web\system\CodeIgniter.php(824): App\Controllers\SubmitProposal->editRequest('style.css')
#6 C:\laragon\www\Cerenity-Studio-Web\system\CodeIgniter.php(410): CodeIgniter\CodeIgniter->runController(Object(App\Controllers\SubmitProposal))
#7 C:\laragon\www\Cerenity-Studio-Web\system\CodeIgniter.php(318): CodeIgniter\CodeIgniter->handleRequest(NULL, Object(Config\Cache), false)
#8 C:\laragon\www\Cerenity-Studio-Web\public\index.php(37): CodeIgniter\CodeIgniter->run()
#9 C:\laragon\www\Cerenity-Studio-Web\system\Commands\Server\rewrite.php(43): require_once('C:\\laragon\\www\\...')
#10 {main}
CRITICAL - 2021-12-30 10:06:17 --> Trying to access array offset on value of type null
#0 C:\laragon\www\Cerenity-Studio-Web\app\Views\proposal-edit.php(77): CodeIgniter\Debug\Exceptions->errorHandler(8, 'Trying to acces...', 'C:\\laragon\\www\\...', 77, Array)
#1 C:\laragon\www\Cerenity-Studio-Web\system\View\View.php(214): include('C:\\laragon\\www\\...')
#2 C:\laragon\www\Cerenity-Studio-Web\system\View\View.php(217): CodeIgniter\View\View->CodeIgniter\View\{closure}()
#3 C:\laragon\www\Cerenity-Studio-Web\system\Common.php(1097): CodeIgniter\View\View->render('proposal-edit', Array, true)
#4 C:\laragon\www\Cerenity-Studio-Web\app\Controllers\SubmitProposal.php(72): view('proposal-edit', Array)
#5 C:\laragon\www\Cerenity-Studio-Web\system\CodeIgniter.php(824): App\Controllers\SubmitProposal->editRequest('style.css')
#6 C:\laragon\www\Cerenity-Studio-Web\system\CodeIgniter.php(410): CodeIgniter\CodeIgniter->runController(Object(App\Controllers\SubmitProposal))
#7 C:\laragon\www\Cerenity-Studio-Web\system\CodeIgniter.php(318): CodeIgniter\CodeIgniter->handleRequest(NULL, Object(Config\Cache), false)
#8 C:\laragon\www\Cerenity-Studio-Web\public\index.php(37): CodeIgniter\CodeIgniter->run()
#9 C:\laragon\www\Cerenity-Studio-Web\system\Commands\Server\rewrite.php(43): require_once('C:\\laragon\\www\\...')
#10 {main}
CRITICAL - 2021-12-30 10:06:27 --> Trying to access array offset on value of type null
#0 C:\laragon\www\Cerenity-Studio-Web\app\Views\proposal-edit.php(77): CodeIgniter\Debug\Exceptions->errorHandler(8, 'Trying to acces...', 'C:\\laragon\\www\\...', 77, Array)
#1 C:\laragon\www\Cerenity-Studio-Web\system\View\View.php(214): include('C:\\laragon\\www\\...')
#2 C:\laragon\www\Cerenity-Studio-Web\system\View\View.php(217): CodeIgniter\View\View->CodeIgniter\View\{closure}()
#3 C:\laragon\www\Cerenity-Studio-Web\system\Common.php(1097): CodeIgniter\View\View->render('proposal-edit', Array, true)
#4 C:\laragon\www\Cerenity-Studio-Web\app\Controllers\SubmitProposal.php(72): view('proposal-edit', Array)
#5 C:\laragon\www\Cerenity-Studio-Web\system\CodeIgniter.php(824): App\Controllers\SubmitProposal->editRequest('style.css')
#6 C:\laragon\www\Cerenity-Studio-Web\system\CodeIgniter.php(410): CodeIgniter\CodeIgniter->runController(Object(App\Controllers\SubmitProposal))
#7 C:\laragon\www\Cerenity-Studio-Web\system\CodeIgniter.php(318): CodeIgniter\CodeIgniter->handleRequest(NULL, Object(Config\Cache), false)
#8 C:\laragon\www\Cerenity-Studio-Web\public\index.php(37): CodeIgniter\CodeIgniter->run()
#9 C:\laragon\www\Cerenity-Studio-Web\system\Commands\Server\rewrite.php(43): require_once('C:\\laragon\\www\\...')
#10 {main}
CRITICAL - 2021-12-30 10:07:02 --> Trying to access array offset on value of type null
#0 C:\laragon\www\Cerenity-Studio-Web\app\Views\proposal-edit.php(67): CodeIgniter\Debug\Exceptions->errorHandler(8, 'Trying to acces...', 'C:\\laragon\\www\\...', 67, Array)
#1 C:\laragon\www\Cerenity-Studio-Web\system\View\View.php(214): include('C:\\laragon\\www\\...')
#2 C:\laragon\www\Cerenity-Studio-Web\system\View\View.php(217): CodeIgniter\View\View->CodeIgniter\View\{closure}()
#3 C:\laragon\www\Cerenity-Studio-Web\system\Common.php(1097): CodeIgniter\View\View->render('proposal-edit', Array, true)
#4 C:\laragon\www\Cerenity-Studio-Web\app\Controllers\SubmitProposal.php(72): view('proposal-edit', Array)
#5 C:\laragon\www\Cerenity-Studio-Web\system\CodeIgniter.php(824): App\Controllers\SubmitProposal->editRequest('style.css')
#6 C:\laragon\www\Cerenity-Studio-Web\system\CodeIgniter.php(410): CodeIgniter\CodeIgniter->runController(Object(App\Controllers\SubmitProposal))
#7 C:\laragon\www\Cerenity-Studio-Web\system\CodeIgniter.php(318): CodeIgniter\CodeIgniter->handleRequest(NULL, Object(Config\Cache), false)
#8 C:\laragon\www\Cerenity-Studio-Web\public\index.php(37): CodeIgniter\CodeIgniter->run()
#9 C:\laragon\www\Cerenity-Studio-Web\system\Commands\Server\rewrite.php(43): require_once('C:\\laragon\\www\\...')
#10 {main}
CRITICAL - 2021-12-30 10:07:02 --> Trying to access array offset on value of type null
#0 C:\laragon\www\Cerenity-Studio-Web\app\Views\proposal-edit.php(67): CodeIgniter\Debug\Exceptions->errorHandler(8, 'Trying to acces...', 'C:\\laragon\\www\\...', 67, Array)
#1 C:\laragon\www\Cerenity-Studio-Web\system\View\View.php(214): include('C:\\laragon\\www\\...')
#2 C:\laragon\www\Cerenity-Studio-Web\system\View\View.php(217): CodeIgniter\View\View->CodeIgniter\View\{closure}()
#3 C:\laragon\www\Cerenity-Studio-Web\system\Common.php(1097): CodeIgniter\View\View->render('proposal-edit', Array, true)
#4 C:\laragon\www\Cerenity-Studio-Web\app\Controllers\SubmitProposal.php(72): view('proposal-edit', Array)
#5 C:\laragon\www\Cerenity-Studio-Web\system\CodeIgniter.php(824): App\Controllers\SubmitProposal->editRequest('style.css')
#6 C:\laragon\www\Cerenity-Studio-Web\system\CodeIgniter.php(410): CodeIgniter\CodeIgniter->runController(Object(App\Controllers\SubmitProposal))
#7 C:\laragon\www\Cerenity-Studio-Web\system\CodeIgniter.php(318): CodeIgniter\CodeIgniter->handleRequest(NULL, Object(Config\Cache), false)
#8 C:\laragon\www\Cerenity-Studio-Web\public\index.php(37): CodeIgniter\CodeIgniter->run()
#9 C:\laragon\www\Cerenity-Studio-Web\system\Commands\Server\rewrite.php(43): require_once('C:\\laragon\\www\\...')
#10 {main}
CRITICAL - 2021-12-30 10:07:14 --> Trying to access array offset on value of type null
#0 C:\laragon\www\Cerenity-Studio-Web\app\Views\proposal-edit.php(67): CodeIgniter\Debug\Exceptions->errorHandler(8, 'Trying to acces...', 'C:\\laragon\\www\\...', 67, Array)
#1 C:\laragon\www\Cerenity-Studio-Web\system\View\View.php(214): include('C:\\laragon\\www\\...')
#2 C:\laragon\www\Cerenity-Studio-Web\system\View\View.php(217): CodeIgniter\View\View->CodeIgniter\View\{closure}()
#3 C:\laragon\www\Cerenity-Studio-Web\system\Common.php(1097): CodeIgniter\View\View->render('proposal-edit', Array, true)
#4 C:\laragon\www\Cerenity-Studio-Web\app\Controllers\SubmitProposal.php(72): view('proposal-edit', Array)
#5 C:\laragon\www\Cerenity-Studio-Web\system\CodeIgniter.php(824): App\Controllers\SubmitProposal->editRequest('style.css')
#6 C:\laragon\www\Cerenity-Studio-Web\system\CodeIgniter.php(410): CodeIgniter\CodeIgniter->runController(Object(App\Controllers\SubmitProposal))
#7 C:\laragon\www\Cerenity-Studio-Web\system\CodeIgniter.php(318): CodeIgniter\CodeIgniter->handleRequest(NULL, Object(Config\Cache), false)
#8 C:\laragon\www\Cerenity-Studio-Web\public\index.php(37): CodeIgniter\CodeIgniter->run()
#9 C:\laragon\www\Cerenity-Studio-Web\system\Commands\Server\rewrite.php(43): require_once('C:\\laragon\\www\\...')
#10 {main}
CRITICAL - 2021-12-30 10:07:14 --> Trying to access array offset on value of type null
#0 C:\laragon\www\Cerenity-Studio-Web\app\Views\proposal-edit.php(67): CodeIgniter\Debug\Exceptions->errorHandler(8, 'Trying to acces...', 'C:\\laragon\\www\\...', 67, Array)
#1 C:\laragon\www\Cerenity-Studio-Web\system\View\View.php(214): include('C:\\laragon\\www\\...')
#2 C:\laragon\www\Cerenity-Studio-Web\system\View\View.php(217): CodeIgniter\View\View->CodeIgniter\View\{closure}()
#3 C:\laragon\www\Cerenity-Studio-Web\system\Common.php(1097): CodeIgniter\View\View->render('proposal-edit', Array, true)
#4 C:\laragon\www\Cerenity-Studio-Web\app\Controllers\SubmitProposal.php(72): view('proposal-edit', Array)
#5 C:\laragon\www\Cerenity-Studio-Web\system\CodeIgniter.php(824): App\Controllers\SubmitProposal->editRequest('style.css')
#6 C:\laragon\www\Cerenity-Studio-Web\system\CodeIgniter.php(410): CodeIgniter\CodeIgniter->runController(Object(App\Controllers\SubmitProposal))
#7 C:\laragon\www\Cerenity-Studio-Web\system\CodeIgniter.php(318): CodeIgniter\CodeIgniter->handleRequest(NULL, Object(Config\Cache), false)
#8 C:\laragon\www\Cerenity-Studio-Web\public\index.php(37): CodeIgniter\CodeIgniter->run()
#9 C:\laragon\www\Cerenity-Studio-Web\system\Commands\Server\rewrite.php(43): require_once('C:\\laragon\\www\\...')
#10 {main}
CRITICAL - 2021-12-30 10:07:21 --> Trying to access array offset on value of type null
#0 C:\laragon\www\Cerenity-Studio-Web\app\Views\proposal-edit.php(67): CodeIgniter\Debug\Exceptions->errorHandler(8, 'Trying to acces...', 'C:\\laragon\\www\\...', 67, Array)
#1 C:\laragon\www\Cerenity-Studio-Web\system\View\View.php(214): include('C:\\laragon\\www\\...')
#2 C:\laragon\www\Cerenity-Studio-Web\system\View\View.php(217): CodeIgniter\View\View->CodeIgniter\View\{closure}()
#3 C:\laragon\www\Cerenity-Studio-Web\system\Common.php(1097): CodeIgniter\View\View->render('proposal-edit', Array, true)
#4 C:\laragon\www\Cerenity-Studio-Web\app\Controllers\SubmitProposal.php(72): view('proposal-edit', Array)
#5 C:\laragon\www\Cerenity-Studio-Web\system\CodeIgniter.php(824): App\Controllers\SubmitProposal->editRequest('style.css')
#6 C:\laragon\www\Cerenity-Studio-Web\system\CodeIgniter.php(410): CodeIgniter\CodeIgniter->runController(Object(App\Controllers\SubmitProposal))
#7 C:\laragon\www\Cerenity-Studio-Web\system\CodeIgniter.php(318): CodeIgniter\CodeIgniter->handleRequest(NULL, Object(Config\Cache), false)
#8 C:\laragon\www\Cerenity-Studio-Web\public\index.php(37): CodeIgniter\CodeIgniter->run()
#9 C:\laragon\www\Cerenity-Studio-Web\system\Commands\Server\rewrite.php(43): require_once('C:\\laragon\\www\\...')
#10 {main}
CRITICAL - 2021-12-30 10:07:21 --> Trying to access array offset on value of type null
#0 C:\laragon\www\Cerenity-Studio-Web\app\Views\proposal-edit.php(67): CodeIgniter\Debug\Exceptions->errorHandler(8, 'Trying to acces...', 'C:\\laragon\\www\\...', 67, Array)
#1 C:\laragon\www\Cerenity-Studio-Web\system\View\View.php(214): include('C:\\laragon\\www\\...')
#2 C:\laragon\www\Cerenity-Studio-Web\system\View\View.php(217): CodeIgniter\View\View->CodeIgniter\View\{closure}()
#3 C:\laragon\www\Cerenity-Studio-Web\system\Common.php(1097): CodeIgniter\View\View->render('proposal-edit', Array, true)
#4 C:\laragon\www\Cerenity-Studio-Web\app\Controllers\SubmitProposal.php(72): view('proposal-edit', Array)
#5 C:\laragon\www\Cerenity-Studio-Web\system\CodeIgniter.php(824): App\Controllers\SubmitProposal->editRequest('style.css')
#6 C:\laragon\www\Cerenity-Studio-Web\system\CodeIgniter.php(410): CodeIgniter\CodeIgniter->runController(Object(App\Controllers\SubmitProposal))
#7 C:\laragon\www\Cerenity-Studio-Web\system\CodeIgniter.php(318): CodeIgniter\CodeIgniter->handleRequest(NULL, Object(Config\Cache), false)
#8 C:\laragon\www\Cerenity-Studio-Web\public\index.php(37): CodeIgniter\CodeIgniter->run()
#9 C:\laragon\www\Cerenity-Studio-Web\system\Commands\Server\rewrite.php(43): require_once('C:\\laragon\\www\\...')
#10 {main}
CRITICAL - 2021-12-30 10:08:46 --> Trying to access array offset on value of type null
#0 C:\laragon\www\Cerenity-Studio-Web\app\Views\proposal-edit.php(67): CodeIgniter\Debug\Exceptions->errorHandler(8, 'Trying to acces...', 'C:\\laragon\\www\\...', 67, Array)
#1 C:\laragon\www\Cerenity-Studio-Web\system\View\View.php(214): include('C:\\laragon\\www\\...')
#2 C:\laragon\www\Cerenity-Studio-Web\system\View\View.php(217): CodeIgniter\View\View->CodeIgniter\View\{closure}()
#3 C:\laragon\www\Cerenity-Studio-Web\system\Common.php(1097): CodeIgniter\View\View->render('proposal-edit', Array, true)
#4 C:\laragon\www\Cerenity-Studio-Web\app\Controllers\SubmitProposal.php(72): view('proposal-edit', Array)
#5 C:\laragon\www\Cerenity-Studio-Web\system\CodeIgniter.php(824): App\Controllers\SubmitProposal->editRequest('style.css')
#6 C:\laragon\www\Cerenity-Studio-Web\system\CodeIgniter.php(410): CodeIgniter\CodeIgniter->runController(Object(App\Controllers\SubmitProposal))
#7 C:\laragon\www\Cerenity-Studio-Web\system\CodeIgniter.php(318): CodeIgniter\CodeIgniter->handleRequest(NULL, Object(Config\Cache), false)
#8 C:\laragon\www\Cerenity-Studio-Web\public\index.php(37): CodeIgniter\CodeIgniter->run()
#9 C:\laragon\www\Cerenity-Studio-Web\system\Commands\Server\rewrite.php(43): require_once('C:\\laragon\\www\\...')
#10 {main}
CRITICAL - 2021-12-30 10:08:46 --> Trying to access array offset on value of type null
#0 C:\laragon\www\Cerenity-Studio-Web\app\Views\proposal-edit.php(67): CodeIgniter\Debug\Exceptions->errorHandler(8, 'Trying to acces...', 'C:\\laragon\\www\\...', 67, Array)
#1 C:\laragon\www\Cerenity-Studio-Web\system\View\View.php(214): include('C:\\laragon\\www\\...')
#2 C:\laragon\www\Cerenity-Studio-Web\system\View\View.php(217): CodeIgniter\View\View->CodeIgniter\View\{closure}()
#3 C:\laragon\www\Cerenity-Studio-Web\system\Common.php(1097): CodeIgniter\View\View->render('proposal-edit', Array, true)
#4 C:\laragon\www\Cerenity-Studio-Web\app\Controllers\SubmitProposal.php(72): view('proposal-edit', Array)
#5 C:\laragon\www\Cerenity-Studio-Web\system\CodeIgniter.php(824): App\Controllers\SubmitProposal->editRequest('style.css')
#6 C:\laragon\www\Cerenity-Studio-Web\system\CodeIgniter.php(410): CodeIgniter\CodeIgniter->runController(Object(App\Controllers\SubmitProposal))
#7 C:\laragon\www\Cerenity-Studio-Web\system\CodeIgniter.php(318): CodeIgniter\CodeIgniter->handleRequest(NULL, Object(Config\Cache), false)
#8 C:\laragon\www\Cerenity-Studio-Web\public\index.php(37): CodeIgniter\CodeIgniter->run()
#9 C:\laragon\www\Cerenity-Studio-Web\system\Commands\Server\rewrite.php(43): require_once('C:\\laragon\\www\\...')
#10 {main}
CRITICAL - 2021-12-30 10:09:19 --> Trying to access array offset on value of type null
#0 C:\laragon\www\Cerenity-Studio-Web\app\Views\proposal-edit.php(67): CodeIgniter\Debug\Exceptions->errorHandler(8, 'Trying to acces...', 'C:\\laragon\\www\\...', 67, Array)
#1 C:\laragon\www\Cerenity-Studio-Web\system\View\View.php(214): include('C:\\laragon\\www\\...')
#2 C:\laragon\www\Cerenity-Studio-Web\system\View\View.php(217): CodeIgniter\View\View->CodeIgniter\View\{closure}()
#3 C:\laragon\www\Cerenity-Studio-Web\system\Common.php(1097): CodeIgniter\View\View->render('proposal-edit', Array, true)
#4 C:\laragon\www\Cerenity-Studio-Web\app\Controllers\SubmitProposal.php(72): view('proposal-edit', Array)
#5 C:\laragon\www\Cerenity-Studio-Web\system\CodeIgniter.php(824): App\Controllers\SubmitProposal->editRequest('style.css')
#6 C:\laragon\www\Cerenity-Studio-Web\system\CodeIgniter.php(410): CodeIgniter\CodeIgniter->runController(Object(App\Controllers\SubmitProposal))
#7 C:\laragon\www\Cerenity-Studio-Web\system\CodeIgniter.php(318): CodeIgniter\CodeIgniter->handleRequest(NULL, Object(Config\Cache), false)
#8 C:\laragon\www\Cerenity-Studio-Web\public\index.php(37): CodeIgniter\CodeIgniter->run()
#9 C:\laragon\www\Cerenity-Studio-Web\system\Commands\Server\rewrite.php(43): require_once('C:\\laragon\\www\\...')
#10 {main}
CRITICAL - 2021-12-30 10:09:20 --> Trying to access array offset on value of type null
#0 C:\laragon\www\Cerenity-Studio-Web\app\Views\proposal-edit.php(67): CodeIgniter\Debug\Exceptions->errorHandler(8, 'Trying to acces...', 'C:\\laragon\\www\\...', 67, Array)
#1 C:\laragon\www\Cerenity-Studio-Web\system\View\View.php(214): include('C:\\laragon\\www\\...')
#2 C:\laragon\www\Cerenity-Studio-Web\system\View\View.php(217): CodeIgniter\View\View->CodeIgniter\View\{closure}()
#3 C:\laragon\www\Cerenity-Studio-Web\system\Common.php(1097): CodeIgniter\View\View->render('proposal-edit', Array, true)
#4 C:\laragon\www\Cerenity-Studio-Web\app\Controllers\SubmitProposal.php(72): view('proposal-edit', Array)
#5 C:\laragon\www\Cerenity-Studio-Web\system\CodeIgniter.php(824): App\Controllers\SubmitProposal->editRequest('style.css')
#6 C:\laragon\www\Cerenity-Studio-Web\system\CodeIgniter.php(410): CodeIgniter\CodeIgniter->runController(Object(App\Controllers\SubmitProposal))
#7 C:\laragon\www\Cerenity-Studio-Web\system\CodeIgniter.php(318): CodeIgniter\CodeIgniter->handleRequest(NULL, Object(Config\Cache), false)
#8 C:\laragon\www\Cerenity-Studio-Web\public\index.php(37): CodeIgniter\CodeIgniter->run()
#9 C:\laragon\www\Cerenity-Studio-Web\system\Commands\Server\rewrite.php(43): require_once('C:\\laragon\\www\\...')
#10 {main}
CRITICAL - 2021-12-30 10:09:20 --> Trying to access array offset on value of type null
#0 C:\laragon\www\Cerenity-Studio-Web\app\Views\proposal-edit.php(67): CodeIgniter\Debug\Exceptions->errorHandler(8, 'Trying to acces...', 'C:\\laragon\\www\\...', 67, Array)
#1 C:\laragon\www\Cerenity-Studio-Web\system\View\View.php(214): include('C:\\laragon\\www\\...')
#2 C:\laragon\www\Cerenity-Studio-Web\system\View\View.php(217): CodeIgniter\View\View->CodeIgniter\View\{closure}()
#3 C:\laragon\www\Cerenity-Studio-Web\system\Common.php(1097): CodeIgniter\View\View->render('proposal-edit', Array, true)
#4 C:\laragon\www\Cerenity-Studio-Web\app\Controllers\SubmitProposal.php(72): view('proposal-edit', Array)
#5 C:\laragon\www\Cerenity-Studio-Web\system\CodeIgniter.php(824): App\Controllers\SubmitProposal->editRequest('style.css')
#6 C:\laragon\www\Cerenity-Studio-Web\system\CodeIgniter.php(410): CodeIgniter\CodeIgniter->runController(Object(App\Controllers\SubmitProposal))
#7 C:\laragon\www\Cerenity-Studio-Web\system\CodeIgniter.php(318): CodeIgniter\CodeIgniter->handleRequest(NULL, Object(Config\Cache), false)
#8 C:\laragon\www\Cerenity-Studio-Web\public\index.php(37): CodeIgniter\CodeIgniter->run()
#9 C:\laragon\www\Cerenity-Studio-Web\system\Commands\Server\rewrite.php(43): require_once('C:\\laragon\\www\\...')
#10 {main}
ERROR - 2021-12-30 10:09:23 --> Unknown column 'nama' in 'field list'
CRITICAL - 2021-12-30 10:09:23 --> Unknown column 'nama' in 'field list'
#0 C:\laragon\www\Cerenity-Studio-Web\system\Database\MySQLi\Connection.php(292): mysqli->query('UPDATE `proposa...', 0)
#1 C:\laragon\www\Cerenity-Studio-Web\system\Database\BaseConnection.php(670): CodeIgniter\Database\MySQLi\Connection->execute('UPDATE `proposa...')
#2 C:\laragon\www\Cerenity-Studio-Web\system\Database\BaseConnection.php(598): CodeIgniter\Database\BaseConnection->simpleQuery('UPDATE `proposa...')
#3 C:\laragon\www\Cerenity-Studio-Web\system\Database\BaseBuilder.php(1901): CodeIgniter\Database\BaseConnection->query('UPDATE `proposa...', Array, false)
#4 C:\laragon\www\Cerenity-Studio-Web\app\Models\jobModel.php(19): CodeIgniter\Database\BaseBuilder->update(Array, Array)
#5 C:\laragon\www\Cerenity-Studio-Web\app\Controllers\SubmitProposal.php(79): App\Models\jobModel->updateData(Array, '5')
#6 C:\laragon\www\Cerenity-Studio-Web\system\CodeIgniter.php(824): App\Controllers\SubmitProposal->updateRequest('5')
#7 C:\laragon\www\Cerenity-Studio-Web\system\CodeIgniter.php(410): CodeIgniter\CodeIgniter->runController(Object(App\Controllers\SubmitProposal))
#8 C:\laragon\www\Cerenity-Studio-Web\system\CodeIgniter.php(318): CodeIgniter\CodeIgniter->handleRequest(NULL, Object(Config\Cache), false)
#9 C:\laragon\www\Cerenity-Studio-Web\public\index.php(37): CodeIgniter\CodeIgniter->run()
#10 C:\laragon\www\Cerenity-Studio-Web\system\Commands\Server\rewrite.php(43): require_once('C:\\laragon\\www\\...')
#11 {main}
CRITICAL - 2021-12-30 10:09:41 --> Trying to access array offset on value of type null
#0 C:\laragon\www\Cerenity-Studio-Web\app\Views\proposal-edit.php(67): CodeIgniter\Debug\Exceptions->errorHandler(8, 'Trying to acces...', 'C:\\laragon\\www\\...', 67, Array)
#1 C:\laragon\www\Cerenity-Studio-Web\system\View\View.php(214): include('C:\\laragon\\www\\...')
#2 C:\laragon\www\Cerenity-Studio-Web\system\View\View.php(217): CodeIgniter\View\View->CodeIgniter\View\{closure}()
#3 C:\laragon\www\Cerenity-Studio-Web\system\Common.php(1097): CodeIgniter\View\View->render('proposal-edit', Array, true)
#4 C:\laragon\www\Cerenity-Studio-Web\app\Controllers\SubmitProposal.php(72): view('proposal-edit', Array)
#5 C:\laragon\www\Cerenity-Studio-Web\system\CodeIgniter.php(824): App\Controllers\SubmitProposal->editRequest('style.css')
#6 C:\laragon\www\Cerenity-Studio-Web\system\CodeIgniter.php(410): CodeIgniter\CodeIgniter->runController(Object(App\Controllers\SubmitProposal))
#7 C:\laragon\www\Cerenity-Studio-Web\system\CodeIgniter.php(318): CodeIgniter\CodeIgniter->handleRequest(NULL, Object(Config\Cache), false)
#8 C:\laragon\www\Cerenity-Studio-Web\public\index.php(37): CodeIgniter\CodeIgniter->run()
#9 C:\laragon\www\Cerenity-Studio-Web\system\Commands\Server\rewrite.php(43): require_once('C:\\laragon\\www\\...')
#10 {main}
CRITICAL - 2021-12-30 10:09:58 --> Trying to access array offset on value of type null
#0 C:\laragon\www\Cerenity-Studio-Web\app\Views\proposal-edit.php(67): CodeIgniter\Debug\Exceptions->errorHandler(8, 'Trying to acces...', 'C:\\laragon\\www\\...', 67, Array)
#1 C:\laragon\www\Cerenity-Studio-Web\system\View\View.php(214): include('C:\\laragon\\www\\...')
#2 C:\laragon\www\Cerenity-Studio-Web\system\View\View.php(217): CodeIgniter\View\View->CodeIgniter\View\{closure}()
#3 C:\laragon\www\Cerenity-Studio-Web\system\Common.php(1097): CodeIgniter\View\View->render('proposal-edit', Array, true)
#4 C:\laragon\www\Cerenity-Studio-Web\app\Controllers\SubmitProposal.php(72): view('proposal-edit', Array)
#5 C:\laragon\www\Cerenity-Studio-Web\system\CodeIgniter.php(824): App\Controllers\SubmitProposal->editRequest('style.css')
#6 C:\laragon\www\Cerenity-Studio-Web\system\CodeIgniter.php(410): CodeIgniter\CodeIgniter->runController(Object(App\Controllers\SubmitProposal))
#7 C:\laragon\www\Cerenity-Studio-Web\system\CodeIgniter.php(318): CodeIgniter\CodeIgniter->handleRequest(NULL, Object(Config\Cache), false)
#8 C:\laragon\www\Cerenity-Studio-Web\public\index.php(37): CodeIgniter\CodeIgniter->run()
#9 C:\laragon\www\Cerenity-Studio-Web\system\Commands\Server\rewrite.php(43): require_once('C:\\laragon\\www\\...')
#10 {main}
CRITICAL - 2021-12-30 10:09:58 --> Trying to access array offset on value of type null
#0 C:\laragon\www\Cerenity-Studio-Web\app\Views\proposal-edit.php(67): CodeIgniter\Debug\Exceptions->errorHandler(8, 'Trying to acces...', 'C:\\laragon\\www\\...', 67, Array)
#1 C:\laragon\www\Cerenity-Studio-Web\system\View\View.php(214): include('C:\\laragon\\www\\...')
#2 C:\laragon\www\Cerenity-Studio-Web\system\View\View.php(217): CodeIgniter\View\View->CodeIgniter\View\{closure}()
#3 C:\laragon\www\Cerenity-Studio-Web\system\Common.php(1097): CodeIgniter\View\View->render('proposal-edit', Array, true)
#4 C:\laragon\www\Cerenity-Studio-Web\app\Controllers\SubmitProposal.php(72): view('proposal-edit', Array)
#5 C:\laragon\www\Cerenity-Studio-Web\system\CodeIgniter.php(824): App\Controllers\SubmitProposal->editRequest('style.css')
#6 C:\laragon\www\Cerenity-Studio-Web\system\CodeIgniter.php(410): CodeIgniter\CodeIgniter->runController(Object(App\Controllers\SubmitProposal))
#7 C:\laragon\www\Cerenity-Studio-Web\system\CodeIgniter.php(318): CodeIgniter\CodeIgniter->handleRequest(NULL, Object(Config\Cache), false)
#8 C:\laragon\www\Cerenity-Studio-Web\public\index.php(37): CodeIgniter\CodeIgniter->run()
#9 C:\laragon\www\Cerenity-Studio-Web\system\Commands\Server\rewrite.php(43): require_once('C:\\laragon\\www\\...')
#10 {main}
CRITICAL - 2021-12-30 10:10:06 --> Trying to access array offset on value of type null
#0 C:\laragon\www\Cerenity-Studio-Web\app\Views\proposal-edit.php(67): CodeIgniter\Debug\Exceptions->errorHandler(8, 'Trying to acces...', 'C:\\laragon\\www\\...', 67, Array)
#1 C:\laragon\www\Cerenity-Studio-Web\system\View\View.php(214): include('C:\\laragon\\www\\...')
#2 C:\laragon\www\Cerenity-Studio-Web\system\View\View.php(217): CodeIgniter\View\View->CodeIgniter\View\{closure}()
#3 C:\laragon\www\Cerenity-Studio-Web\system\Common.php(1097): CodeIgniter\View\View->render('proposal-edit', Array, true)
#4 C:\laragon\www\Cerenity-Studio-Web\app\Controllers\SubmitProposal.php(72): view('proposal-edit', Array)
#5 C:\laragon\www\Cerenity-Studio-Web\system\CodeIgniter.php(824): App\Controllers\SubmitProposal->editRequest('style.css')
#6 C:\laragon\www\Cerenity-Studio-Web\system\CodeIgniter.php(410): CodeIgniter\CodeIgniter->runController(Object(App\Controllers\SubmitProposal))
#7 C:\laragon\www\Cerenity-Studio-Web\system\CodeIgniter.php(318): CodeIgniter\CodeIgniter->handleRequest(NULL, Object(Config\Cache), false)
#8 C:\laragon\www\Cerenity-Studio-Web\public\index.php(37): CodeIgniter\CodeIgniter->run()
#9 C:\laragon\www\Cerenity-Studio-Web\system\Commands\Server\rewrite.php(43): require_once('C:\\laragon\\www\\...')
#10 {main}
CRITICAL - 2021-12-30 10:10:06 --> Trying to access array offset on value of type null
#0 C:\laragon\www\Cerenity-Studio-Web\app\Views\proposal-edit.php(67): CodeIgniter\Debug\Exceptions->errorHandler(8, 'Trying to acces...', 'C:\\laragon\\www\\...', 67, Array)
#1 C:\laragon\www\Cerenity-Studio-Web\system\View\View.php(214): include('C:\\laragon\\www\\...')
#2 C:\laragon\www\Cerenity-Studio-Web\system\View\View.php(217): CodeIgniter\View\View->CodeIgniter\View\{closure}()
#3 C:\laragon\www\Cerenity-Studio-Web\system\Common.php(1097): CodeIgniter\View\View->render('proposal-edit', Array, true)
#4 C:\laragon\www\Cerenity-Studio-Web\app\Controllers\SubmitProposal.php(72): view('proposal-edit', Array)
#5 C:\laragon\www\Cerenity-Studio-Web\system\CodeIgniter.php(824): App\Controllers\SubmitProposal->editRequest('style.css')
#6 C:\laragon\www\Cerenity-Studio-Web\system\CodeIgniter.php(410): CodeIgniter\CodeIgniter->runController(Object(App\Controllers\SubmitProposal))
#7 C:\laragon\www\Cerenity-Studio-Web\system\CodeIgniter.php(318): CodeIgniter\CodeIgniter->handleRequest(NULL, Object(Config\Cache), false)
#8 C:\laragon\www\Cerenity-Studio-Web\public\index.php(37): CodeIgniter\CodeIgniter->run()
#9 C:\laragon\www\Cerenity-Studio-Web\system\Commands\Server\rewrite.php(43): require_once('C:\\laragon\\www\\...')
#10 {main}
CRITICAL - 2021-12-30 12:25:38 --> The original file is not a valid file.
#0 C:\xampp\htdocs\Cerenity-Studio-Web\system\HTTP\Files\UploadedFile.php(137): CodeIgniter\HTTP\Exceptions\HTTPException::forInvalidFile()
#1 C:\xampp\htdocs\Cerenity-Studio-Web\app\Controllers\SubmitProposal.php(43): CodeIgniter\HTTP\Files\UploadedFile->move('document/', '164088873816408...')
#2 C:\xampp\htdocs\Cerenity-Studio-Web\system\CodeIgniter.php(824): App\Controllers\SubmitProposal->insertData()
#3 C:\xampp\htdocs\Cerenity-Studio-Web\system\CodeIgniter.php(410): CodeIgniter\CodeIgniter->runController(Object(App\Controllers\SubmitProposal))
#4 C:\xampp\htdocs\Cerenity-Studio-Web\system\CodeIgniter.php(318): CodeIgniter\CodeIgniter->handleRequest(NULL, Object(Config\Cache), false)
#5 C:\xampp\htdocs\Cerenity-Studio-Web\public\index.php(37): CodeIgniter\CodeIgniter->run()
#6 {main}
CRITICAL - 2021-12-30 12:47:30 --> The original file is not a valid file.
#0 C:\xampp\htdocs\Cerenity-Studio-Web\system\HTTP\Files\UploadedFile.php(137): CodeIgniter\HTTP\Exceptions\HTTPException::forInvalidFile()
#1 C:\xampp\htdocs\Cerenity-Studio-Web\app\Controllers\SubmitProposal.php(43): CodeIgniter\HTTP\Files\UploadedFile->move('document/', '164089005016408...')
#2 C:\xampp\htdocs\Cerenity-Studio-Web\system\CodeIgniter.php(824): App\Controllers\SubmitProposal->insertData()
#3 C:\xampp\htdocs\Cerenity-Studio-Web\system\CodeIgniter.php(410): CodeIgniter\CodeIgniter->runController(Object(App\Controllers\SubmitProposal))
#4 C:\xampp\htdocs\Cerenity-Studio-Web\system\CodeIgniter.php(318): CodeIgniter\CodeIgniter->handleRequest(NULL, Object(Config\Cache), false)
#5 C:\xampp\htdocs\Cerenity-Studio-Web\public\index.php(37): CodeIgniter\CodeIgniter->run()
#6 {main}
